Running: D:\ISE\14.7\ISE_DS\ISE\bin\nt64\unwrapped\fuse.exe -intstyle ise -incremental -o C:/Users/Betka/Desktop/Ultrasonic-sensor-master/top_tb01_isim_beh.exe -prj C:/Users/Betka/Desktop/Ultrasonic-sensor-master/top_tb01_beh.prj work.top_tb01 
ISim P.20131013 (signature 0x7708f090)
Number of CPUs detected in this system: 4
Turning on mult-threading, number of parallel sub-compilation jobs: 8 
Determining compilation order of HDL files
Parsing VHDL file "C:/Users/Betka/Desktop/Ultrasonic-sensor-master/one_of_four.vhd" into library work
Parsing VHDL file "C:/Users/Betka/Desktop/Ultrasonic-sensor-master/../digi_paz1/Ultrasonic-sensor-master/hex_to_7seg.vhd" into library work
Parsing VHDL file "C:/Users/Betka/Desktop/Ultrasonic-sensor-master/../digi_paz1/Ultrasonic-sensor-master/binary_cnt.vhd" into library work
Parsing VHDL file "C:/Users/Betka/Desktop/Ultrasonic-sensor-master/disp_mux.vhd" into library work
Parsing VHDL file "C:/Users/Betka/Desktop/Ultrasonic-sensor-master/../digi_paz1/Ultrasonic-sensor-master/op.vhd" into library work
Parsing VHDL file "C:/Users/Betka/Desktop/Ultrasonic-sensor-master/../digi_paz1/Ultrasonic-sensor-master/mereni_pulzu.vhd" into library work
Parsing VHDL file "C:/Users/Betka/Desktop/Ultrasonic-sensor-master/../digi_paz1/Ultrasonic-sensor-master/binary_to_bcd.vhd" into library work
Parsing VHDL file "C:/Users/Betka/Desktop/Ultrasonic-sensor-master/top.vhd" into library work
Parsing VHDL file "C:/Users/Betka/Desktop/Ultrasonic-sensor-master/../digi_paz1/Ultrasonic-sensor-master/top_tb01.vhd" into library work
Starting static elaboration
Completed static elaboration
Compiling package standard
Compiling package std_logic_1164
Compiling package std_logic_arith
Compiling package std_logic_unsigned
Compiling package numeric_std
Compiling architecture behavioral of entity vzdalenost [vzdalenost_default]
Compiling architecture behaviour of entity binary_bcd [binary_bcd_default]
Compiling architecture behavioral of entity binary_cnt [\binary_cnt(16)\]
Compiling architecture behavioral of entity binary_cnt [\binary_cnt(4)\]
Compiling architecture behavioral of entity op [op_default]
Compiling architecture behavioral of entity binary_cnt [\binary_cnt(7)\]
Compiling architecture behavioral of entity hex_to_7seg [hex_to_7seg_default]
Compiling architecture behavioral of entity one_of_four [one_of_four_default]
Compiling architecture behavioral of entity driver_7seg [driver_7seg_default]
Compiling architecture behavioral of entity top [top_default]
Compiling architecture behavior of entity top_tb01
Time Resolution for simulation is 1ps.
Waiting for 8 sub-compilation(s) to finish...
Compiled 26 VHDL Units
Built simulation executable C:/Users/Betka/Desktop/Ultrasonic-sensor-master/top_tb01_isim_beh.exe
Fuse Memory Usage: 37136 KB
Fuse CPU Usage: 843 ms
