ISim log file
Running: C:\Users\Betka\Desktop\Ultrasonic-sensor-master\top_tb01_isim_beh.exe -intstyle ise -gui -tclbatch isim.cmd -wdb C:/Users/Betka/Desktop/Ultrasonic-sensor-master/top_tb01_isim_beh.wdb 
ISim P.20131013 (signature 0x7708f090)
This is a Full version of ISim.
Time resolution is 1 ps
# onerror resume
# wave add /
# run 1000 ns
Simulator is doing circuit initialization process.
at 0 ps, Instance /top_tb01/uut/binary_bcd/ : Warning: NUMERIC_STD.">": metavalue detected, returning FALSE
at 0 ps, Instance /top_tb01/uut/binary_bcd/ : Warning: NUMERIC_STD.">": metavalue detected, returning FALSE
at 0 ps, Instance /top_tb01/uut/binary_bcd/ : Warning: NUMERIC_STD.">": metavalue detected, returning FALSE
at 0 ps, Instance /top_tb01/uut/binary_bcd/ : Warning: NUMERIC_STD.">": metavalue detected, returning FALSE
at 0 ps, Instance /top_tb01/uut/binary_bcd/ : Warning: NUMERIC_STD.">": metavalue detected, returning FALSE
at 0 ps, Instance /top_tb01/uut/driver_7seg/ : Warning: NUMERIC_STD."=": metavalue detected, returning FALSE
at 0 ps, Instance /top_tb01/uut/driver_7seg/ : Warning: NUMERIC_STD."=": metavalue detected, returning FALSE
at 0 ps, Instance /top_tb01/uut/driver_7seg/ : Warning: NUMERIC_STD."=": metavalue detected, returning FALSE
at 0 ps, Instance /top_tb01/uut/driver_7seg/HEX27SEG/ : Warning: NUMERIC_STD."=": metavalue detected, returning FALSE
at 0 ps, Instance /top_tb01/uut/driver_7seg/HEX27SEG/ : Warning: NUMERIC_STD."=": metavalue detected, returning FALSE
at 0 ps, Instance /top_tb01/uut/driver_7seg/HEX27SEG/ : Warning: NUMERIC_STD."=": metavalue detected, returning FALSE
at 0 ps, Instance /top_tb01/uut/driver_7seg/HEX27SEG/ : Warning: NUMERIC_STD."=": metavalue detected, returning FALSE
at 0 ps, Instance /top_tb01/uut/driver_7seg/HEX27SEG/ : Warning: NUMERIC_STD."=": metavalue detected, returning FALSE
at 0 ps, Instance /top_tb01/uut/driver_7seg/HEX27SEG/ : Warning: NUMERIC_STD."=": metavalue detected, returning FALSE
at 0 ps, Instance /top_tb01/uut/driver_7seg/HEX27SEG/ : Warning: NUMERIC_STD."=": metavalue detected, returning FALSE
at 0 ps, Instance /top_tb01/uut/driver_7seg/HEX27SEG/ : Warning: NUMERIC_STD."=": metavalue detected, returning FALSE
at 0 ps, Instance /top_tb01/uut/driver_7seg/HEX27SEG/ : Warning: NUMERIC_STD."=": metavalue detected, returning FALSE
at 0 ps, Instance /top_tb01/uut/driver_7seg/HEX27SEG/ : Warning: NUMERIC_STD."=": metavalue detected, returning FALSE
Finished circuit initialization process.
at 2 ns(2), Instance /top_tb01/uut/binary_bcd/ : Warning: NUMERIC_STD.">": metavalue detected, returning FALSE
at 3 ns(2), Instance /top_tb01/uut/binary_bcd/ : Warning: NUMERIC_STD.">": metavalue detected, returning FALSE
at 4 ns(2), Instance /top_tb01/uut/binary_bcd/ : Warning: NUMERIC_STD.">": metavalue detected, returning FALSE
at 5 ns(2), Instance /top_tb01/uut/binary_bcd/ : Warning: NUMERIC_STD.">": metavalue detected, returning FALSE
at 6 ns(2), Instance /top_tb01/uut/binary_bcd/ : Warning: NUMERIC_STD.">": metavalue detected, returning FALSE
at 7 ns(2), Instance /top_tb01/uut/binary_bcd/ : Warning: NUMERIC_STD.">": metavalue detected, returning FALSE
at 8 ns(2), Instance /top_tb01/uut/binary_bcd/ : Warning: NUMERIC_STD.">": metavalue detected, returning FALSE
at 9 ns(2), Instance /top_tb01/uut/binary_bcd/ : Warning: NUMERIC_STD.">": metavalue detected, returning FALSE
at 10 ns(2), Instance /top_tb01/uut/binary_bcd/ : Warning: NUMERIC_STD.">": metavalue detected, returning FALSE
at 11 ns(2), Instance /top_tb01/uut/binary_bcd/ : Warning: NUMERIC_STD.">": metavalue detected, returning FALSE
at 12 ns(2), Instance /top_tb01/uut/binary_bcd/ : Warning: NUMERIC_STD.">": metavalue detected, returning FALSE
at 13 ns(2), Instance /top_tb01/uut/binary_bcd/ : Warning: NUMERIC_STD.">": metavalue detected, returning FALSE
at 14 ns(2), Instance /top_tb01/uut/binary_bcd/ : Warning: NUMERIC_STD.">": metavalue detected, returning FALSE
at 15 ns(2), Instance /top_tb01/uut/binary_bcd/ : Warning: NUMERIC_STD.">": metavalue detected, returning FALSE
at 16 ns(2), Instance /top_tb01/uut/binary_bcd/ : Warning: NUMERIC_STD.">": metavalue detected, returning FALSE
at 17 ns(2), Instance /top_tb01/uut/binary_bcd/ : Warning: NUMERIC_STD.">": metavalue detected, returning FALSE
at 21 ns(2), Instance /top_tb01/uut/binary_bcd/ : Warning: NUMERIC_STD.">": metavalue detected, returning FALSE
at 22 ns(2), Instance /top_tb01/uut/binary_bcd/ : Warning: NUMERIC_STD.">": metavalue detected, returning FALSE
at 23 ns(2), Instance /top_tb01/uut/binary_bcd/ : Warning: NUMERIC_STD.">": metavalue detected, returning FALSE
at 24 ns(2), Instance /top_tb01/uut/binary_bcd/ : Warning: NUMERIC_STD.">": metavalue detected, returning FALSE
at 25 ns(2), Instance /top_tb01/uut/binary_bcd/ : Warning: NUMERIC_STD.">": metavalue detected, returning FALSE
at 26 ns(2), Instance /top_tb01/uut/binary_bcd/ : Warning: NUMERIC_STD.">": metavalue detected, returning FALSE
at 27 ns(2), Instance /top_tb01/uut/binary_bcd/ : Warning: NUMERIC_STD.">": metavalue detected, returning FALSE
at 28 ns(2), Instance /top_tb01/uut/binary_bcd/ : Warning: NUMERIC_STD.">": metavalue detected, returning FALSE
at 29 ns(2), Instance /top_tb01/uut/binary_bcd/ : Warning: NUMERIC_STD.">": metavalue detected, returning FALSE
at 30 ns(2), Instance /top_tb01/uut/binary_bcd/ : Warning: NUMERIC_STD.">": metavalue detected, returning FALSE
at 31 ns(2), Instance /top_tb01/uut/binary_bcd/ : Warning: NUMERIC_STD.">": metavalue detected, returning FALSE
at 32 ns(2), Instance /top_tb01/uut/binary_bcd/ : Warning: NUMERIC_STD.">": metavalue detected, returning FALSE
at 33 ns(2), Instance /top_tb01/uut/binary_bcd/ : Warning: NUMERIC_STD.">": metavalue detected, returning FALSE
at 34 ns(2), Instance /top_tb01/uut/binary_bcd/ : Warning: NUMERIC_STD.">": metavalue detected, returning FALSE
at 35 ns(2), Instance /top_tb01/uut/binary_bcd/ : Warning: NUMERIC_STD.">": metavalue detected, returning FALSE
at 36 ns(2), Instance /top_tb01/uut/binary_bcd/ : Warning: NUMERIC_STD.">": metavalue detected, returning FALSE
at 40 ns(2), Instance /top_tb01/uut/binary_bcd/ : Warning: NUMERIC_STD.">": metavalue detected, returning FALSE
at 41 ns(2), Instance /top_tb01/uut/binary_bcd/ : Warning: NUMERIC_STD.">": metavalue detected, returning FALSE
at 42 ns(2), Instance /top_tb01/uut/binary_bcd/ : Warning: NUMERIC_STD.">": metavalue detected, returning FALSE
at 43 ns(2), Instance /top_tb01/uut/binary_bcd/ : Warning: NUMERIC_STD.">": metavalue detected, returning FALSE
at 44 ns(2), Instance /top_tb01/uut/binary_bcd/ : Warning: NUMERIC_STD.">": metavalue detected, returning FALSE
at 45 ns(2), Instance /top_tb01/uut/binary_bcd/ : Warning: NUMERIC_STD.">": metavalue detected, returning FALSE
at 46 ns(2), Instance /top_tb01/uut/binary_bcd/ : Warning: NUMERIC_STD.">": metavalue detected, returning FALSE
at 47 ns(2), Instance /top_tb01/uut/binary_bcd/ : Warning: NUMERIC_STD.">": metavalue detected, returning FALSE
at 48 ns(2), Instance /top_tb01/uut/binary_bcd/ : Warning: NUMERIC_STD.">": metavalue detected, returning FALSE
at 49 ns(2), Instance /top_tb01/uut/binary_bcd/ : Warning: NUMERIC_STD.">": metavalue detected, returning FALSE
at 50 ns(2), Instance /top_tb01/uut/binary_bcd/ : Warning: NUMERIC_STD.">": metavalue detected, returning FALSE
at 51 ns(2), Instance /top_tb01/uut/binary_bcd/ : Warning: NUMERIC_STD.">": metavalue detected, returning FALSE
at 52 ns(2), Instance /top_tb01/uut/binary_bcd/ : Warning: NUMERIC_STD.">": metavalue detected, returning FALSE
at 53 ns(2), Instance /top_tb01/uut/binary_bcd/ : Warning: NUMERIC_STD.">": metavalue detected, returning FALSE
at 54 ns(2), Instance /top_tb01/uut/binary_bcd/ : Warning: NUMERIC_STD.">": metavalue detected, returning FALSE
at 55 ns(2), Instance /top_tb01/uut/binary_bcd/ : Warning: NUMERIC_STD.">": metavalue detected, returning FALSE
at 59 ns(2), Instance /top_tb01/uut/binary_bcd/ : Warning: NUMERIC_STD.">": metavalue detected, returning FALSE
at 60 ns(2), Instance /top_tb01/uut/binary_bcd/ : Warning: NUMERIC_STD.">": metavalue detected, returning FALSE
at 61 ns(2), Instance /top_tb01/uut/binary_bcd/ : Warning: NUMERIC_STD.">": metavalue detected, returning FALSE
at 62 ns(2), Instance /top_tb01/uut/binary_bcd/ : Warning: NUMERIC_STD.">": metavalue detected, returning FALSE
at 63 ns(2), Instance /top_tb01/uut/binary_bcd/ : Warning: NUMERIC_STD.">": metavalue detected, returning FALSE
at 64 ns(2), Instance /top_tb01/uut/binary_bcd/ : Warning: NUMERIC_STD.">": metavalue detected, returning FALSE
at 65 ns(2), Instance /top_tb01/uut/binary_bcd/ : Warning: NUMERIC_STD.">": metavalue detected, returning FALSE
at 66 ns(2), Instance /top_tb01/uut/binary_bcd/ : Warning: NUMERIC_STD.">": metavalue detected, returning FALSE
at 67 ns(2), Instance /top_tb01/uut/binary_bcd/ : Warning: NUMERIC_STD.">": metavalue detected, returning FALSE
at 68 ns(2), Instance /top_tb01/uut/binary_bcd/ : Warning: NUMERIC_STD.">": metavalue detected, returning FALSE
at 69 ns(2), Instance /top_tb01/uut/binary_bcd/ : Warning: NUMERIC_STD.">": metavalue detected, returning FALSE
at 70 ns(2), Instance /top_tb01/uut/binary_bcd/ : Warning: NUMERIC_STD.">": metavalue detected, returning FALSE
at 71 ns(2), Instance /top_tb01/uut/binary_bcd/ : Warning: NUMERIC_STD.">": metavalue detected, returning FALSE
at 72 ns(2), Instance /top_tb01/uut/binary_bcd/ : Warning: NUMERIC_STD.">": metavalue detected, returning FALSE
at 73 ns(2), Instance /top_tb01/uut/binary_bcd/ : Warning: NUMERIC_STD.">": metavalue detected, returning FALSE
at 74 ns(2), Instance /top_tb01/uut/binary_bcd/ : Warning: NUMERIC_STD.">": metavalue detected, returning FALSE
at 78 ns(2), Instance /top_tb01/uut/binary_bcd/ : Warning: NUMERIC_STD.">": metavalue detected, returning FALSE
at 79 ns(2), Instance /top_tb01/uut/binary_bcd/ : Warning: NUMERIC_STD.">": metavalue detected, returning FALSE
at 80 ns(2), Instance /top_tb01/uut/binary_bcd/ : Warning: NUMERIC_STD.">": metavalue detected, returning FALSE
at 81 ns(2), Instance /top_tb01/uut/binary_bcd/ : Warning: NUMERIC_STD.">": metavalue detected, returning FALSE
at 82 ns(2), Instance /top_tb01/uut/binary_bcd/ : Warning: NUMERIC_STD.">": metavalue detected, returning FALSE
at 83 ns(2), Instance /top_tb01/uut/binary_bcd/ : Warning: NUMERIC_STD.">": metavalue detected, returning FALSE
at 84 ns(2), Instance /top_tb01/uut/binary_bcd/ : Warning: NUMERIC_STD.">": metavalue detected, returning FALSE
at 85 ns(2), Instance /top_tb01/uut/binary_bcd/ : Warning: NUMERIC_STD.">": metavalue detected, returning FALSE
at 86 ns(2), Instance /top_tb01/uut/binary_bcd/ : Warning: NUMERIC_STD.">": metavalue detected, returning FALSE
at 87 ns(2), Instance /top_tb01/uut/binary_bcd/ : Warning: NUMERIC_STD.">": metavalue detected, returning FALSE
at 88 ns(2), Instance /top_tb01/uut/binary_bcd/ : Warning: NUMERIC_STD.">": metavalue detected, returning FALSE
at 89 ns(2), Instance /top_tb01/uut/binary_bcd/ : Warning: NUMERIC_STD.">": metavalue detected, returning FALSE
at 90 ns(2), Instance /top_tb01/uut/binary_bcd/ : Warning: NUMERIC_STD.">": metavalue detected, returning FALSE
at 91 ns(2), Instance /top_tb01/uut/binary_bcd/ : Warning: NUMERIC_STD.">": metavalue detected, returning FALSE
at 92 ns(2), Instance /top_tb01/uut/binary_bcd/ : Warning: NUMERIC_STD.">": metavalue detected, returning FALSE
at 93 ns(2), Instance /top_tb01/uut/binary_bcd/ : Warning: NUMERIC_STD.">": metavalue detected, returning FALSE
at 97 ns(2), Instance /top_tb01/uut/binary_bcd/ : Warning: NUMERIC_STD.">": metavalue detected, returning FALSE
at 98 ns(2), Instance /top_tb01/uut/binary_bcd/ : Warning: NUMERIC_STD.">": metavalue detected, returning FALSE
at 99 ns(2), Instance /top_tb01/uut/binary_bcd/ : Warning: NUMERIC_STD.">": metavalue detected, returning FALSE
at 100 ns(2), Instance /top_tb01/uut/binary_bcd/ : Warning: NUMERIC_STD.">": metavalue detected, returning FALSE
at 101 ns(2), Instance /top_tb01/uut/binary_bcd/ : Warning: NUMERIC_STD.">": metavalue detected, returning FALSE
at 102 ns(2), Instance /top_tb01/uut/binary_bcd/ : Warning: NUMERIC_STD.">": metavalue detected, returning FALSE
at 103 ns(2), Instance /top_tb01/uut/binary_bcd/ : Warning: NUMERIC_STD.">": metavalue detected, returning FALSE
at 104 ns(2), Instance /top_tb01/uut/binary_bcd/ : Warning: NUMERIC_STD.">": metavalue detected, returning FALSE
at 105 ns(2), Instance /top_tb01/uut/binary_bcd/ : Warning: NUMERIC_STD.">": metavalue detected, returning FALSE
at 106 ns(2), Instance /top_tb01/uut/binary_bcd/ : Warning: NUMERIC_STD.">": metavalue detected, returning FALSE
at 107 ns(2), Instance /top_tb01/uut/binary_bcd/ : Warning: NUMERIC_STD.">": metavalue detected, returning FALSE
at 108 ns(2), Instance /top_tb01/uut/binary_bcd/ : Warning: NUMERIC_STD.">": metavalue detected, returning FALSE
at 109 ns(2), Instance /top_tb01/uut/binary_bcd/ : Warning: NUMERIC_STD.">": metavalue detected, returning FALSE
at 110 ns(2), Instance /top_tb01/uut/binary_bcd/ : Warning: NUMERIC_STD.">": metavalue detected, returning FALSE
at 111 ns(2), Instance /top_tb01/uut/binary_bcd/ : Warning: NUMERIC_STD.">": metavalue detected, returning FALSE
at 112 ns(2), Instance /top_tb01/uut/binary_bcd/ : Warning: NUMERIC_STD.">": metavalue detected, returning FALSE
at 116 ns(2), Instance /top_tb01/uut/binary_bcd/ : Warning: NUMERIC_STD.">": metavalue detected, returning FALSE
at 117 ns(2), Instance /top_tb01/uut/binary_bcd/ : Warning: NUMERIC_STD.">": metavalue detected, returning FALSE
at 118 ns(2), Instance /top_tb01/uut/binary_bcd/ : Warning: NUMERIC_STD.">": metavalue detected, returning FALSE
at 119 ns(2), Instance /top_tb01/uut/binary_bcd/ : Warning: NUMERIC_STD.">": metavalue detected, returning FALSE
at 120 ns(2), Instance /top_tb01/uut/binary_bcd/ : Warning: NUMERIC_STD.">": metavalue detected, returning FALSE
at 121 ns(2), Instance /top_tb01/uut/binary_bcd/ : Warning: NUMERIC_STD.">": metavalue detected, returning FALSE
at 122 ns(2), Instance /top_tb01/uut/binary_bcd/ : Warning: NUMERIC_STD.">": metavalue detected, returning FALSE
at 123 ns(2), Instance /top_tb01/uut/binary_bcd/ : Warning: NUMERIC_STD.">": metavalue detected, returning FALSE
at 124 ns(2), Instance /top_tb01/uut/binary_bcd/ : Warning: NUMERIC_STD.">": metavalue detected, returning FALSE
at 125 ns(2), Instance /top_tb01/uut/binary_bcd/ : Warning: NUMERIC_STD.">": metavalue detected, returning FALSE
at 126 ns(2), Instance /top_tb01/uut/binary_bcd/ : Warning: NUMERIC_STD.">": metavalue detected, returning FALSE
at 127 ns(2), Instance /top_tb01/uut/binary_bcd/ : Warning: NUMERIC_STD.">": metavalue detected, returning FALSE
at 128 ns(2), Instance /top_tb01/uut/binary_bcd/ : Warning: NUMERIC_STD.">": metavalue detected, returning FALSE
at 129 ns(2), Instance /top_tb01/uut/binary_bcd/ : Warning: NUMERIC_STD.">": metavalue detected, returning FALSE
at 130 ns(2), Instance /top_tb01/uut/binary_bcd/ : Warning: NUMERIC_STD.">": metavalue detected, returning FALSE
at 131 ns(2), Instance /top_tb01/uut/binary_bcd/ : Warning: NUMERIC_STD.">": metavalue detected, returning FALSE
at 135 ns(2), Instance /top_tb01/uut/binary_bcd/ : Warning: NUMERIC_STD.">": metavalue detected, returning FALSE
at 136 ns(2), Instance /top_tb01/uut/binary_bcd/ : Warning: NUMERIC_STD.">": metavalue detected, returning FALSE
at 137 ns(2), Instance /top_tb01/uut/binary_bcd/ : Warning: NUMERIC_STD.">": metavalue detected, returning FALSE
at 138 ns(2), Instance /top_tb01/uut/binary_bcd/ : Warning: NUMERIC_STD.">": metavalue detected, returning FALSE
at 139 ns(2), Instance /top_tb01/uut/binary_bcd/ : Warning: NUMERIC_STD.">": metavalue detected, returning FALSE
at 140 ns(2), Instance /top_tb01/uut/binary_bcd/ : Warning: NUMERIC_STD.">": metavalue detected, returning FALSE
at 141 ns(2), Instance /top_tb01/uut/binary_bcd/ : Warning: NUMERIC_STD.">": metavalue detected, returning FALSE
at 142 ns(2), Instance /top_tb01/uut/binary_bcd/ : Warning: NUMERIC_STD.">": metavalue detected, returning FALSE
at 143 ns(2), Instance /top_tb01/uut/binary_bcd/ : Warning: NUMERIC_STD.">": metavalue detected, returning FALSE
at 144 ns(2), Instance /top_tb01/uut/binary_bcd/ : Warning: NUMERIC_STD.">": metavalue detected, returning FALSE
at 145 ns(2), Instance /top_tb01/uut/binary_bcd/ : Warning: NUMERIC_STD.">": metavalue detected, returning FALSE
at 146 ns(2), Instance /top_tb01/uut/binary_bcd/ : Warning: NUMERIC_STD.">": metavalue detected, returning FALSE
at 147 ns(2), Instance /top_tb01/uut/binary_bcd/ : Warning: NUMERIC_STD.">": metavalue detected, returning FALSE
at 148 ns(2), Instance /top_tb01/uut/binary_bcd/ : Warning: NUMERIC_STD.">": metavalue detected, returning FALSE
at 149 ns(2), Instance /top_tb01/uut/binary_bcd/ : Warning: NUMERIC_STD.">": metavalue detected, returning FALSE
at 150 ns(2), Instance /top_tb01/uut/binary_bcd/ : Warning: NUMERIC_STD.">": metavalue detected, returning FALSE
at 154 ns(2), Instance /top_tb01/uut/binary_bcd/ : Warning: NUMERIC_STD.">": metavalue detected, returning FALSE
at 155 ns(2), Instance /top_tb01/uut/binary_bcd/ : Warning: NUMERIC_STD.">": metavalue detected, returning FALSE
at 156 ns(2), Instance /top_tb01/uut/binary_bcd/ : Warning: NUMERIC_STD.">": metavalue detected, returning FALSE
at 157 ns(2), Instance /top_tb01/uut/binary_bcd/ : Warning: NUMERIC_STD.">": metavalue detected, returning FALSE
at 158 ns(2), Instance /top_tb01/uut/binary_bcd/ : Warning: NUMERIC_STD.">": metavalue detected, returning FALSE
at 159 ns(2), Instance /top_tb01/uut/binary_bcd/ : Warning: NUMERIC_STD.">": metavalue detected, returning FALSE
at 160 ns(2), Instance /top_tb01/uut/binary_bcd/ : Warning: NUMERIC_STD.">": metavalue detected, returning FALSE
at 161 ns(2), Instance /top_tb01/uut/binary_bcd/ : Warning: NUMERIC_STD.">": metavalue detected, returning FALSE
at 162 ns(2), Instance /top_tb01/uut/binary_bcd/ : Warning: NUMERIC_STD.">": metavalue detected, returning FALSE
at 163 ns(2), Instance /top_tb01/uut/binary_bcd/ : Warning: NUMERIC_STD.">": metavalue detected, returning FALSE
at 164 ns(2), Instance /top_tb01/uut/binary_bcd/ : Warning: NUMERIC_STD.">": metavalue detected, returning FALSE
at 165 ns(2), Instance /top_tb01/uut/binary_bcd/ : Warning: NUMERIC_STD.">": metavalue detected, returning FALSE
at 166 ns(2), Instance /top_tb01/uut/binary_bcd/ : Warning: NUMERIC_STD.">": metavalue detected, returning FALSE
at 167 ns(2), Instance /top_tb01/uut/binary_bcd/ : Warning: NUMERIC_STD.">": metavalue detected, returning FALSE
at 168 ns(2), Instance /top_tb01/uut/binary_bcd/ : Warning: NUMERIC_STD.">": metavalue detected, returning FALSE
at 169 ns(2), Instance /top_tb01/uut/binary_bcd/ : Warning: NUMERIC_STD.">": metavalue detected, returning FALSE
at 173 ns(2), Instance /top_tb01/uut/binary_bcd/ : Warning: NUMERIC_STD.">": metavalue detected, returning FALSE
at 174 ns(2), Instance /top_tb01/uut/binary_bcd/ : Warning: NUMERIC_STD.">": metavalue detected, returning FALSE
at 175 ns(2), Instance /top_tb01/uut/binary_bcd/ : Warning: NUMERIC_STD.">": metavalue detected, returning FALSE
at 176 ns(2), Instance /top_tb01/uut/binary_bcd/ : Warning: NUMERIC_STD.">": metavalue detected, returning FALSE
at 177 ns(2), Instance /top_tb01/uut/binary_bcd/ : Warning: NUMERIC_STD.">": metavalue detected, returning FALSE
at 178 ns(2), Instance /top_tb01/uut/binary_bcd/ : Warning: NUMERIC_STD.">": metavalue detected, returning FALSE
at 179 ns(2), Instance /top_tb01/uut/binary_bcd/ : Warning: NUMERIC_STD.">": metavalue detected, returning FALSE
at 180 ns(2), Instance /top_tb01/uut/binary_bcd/ : Warning: NUMERIC_STD.">": metavalue detected, returning FALSE
at 181 ns(2), Instance /top_tb01/uut/binary_bcd/ : Warning: NUMERIC_STD.">": metavalue detected, returning FALSE
at 182 ns(2), Instance /top_tb01/uut/binary_bcd/ : Warning: NUMERIC_STD.">": metavalue detected, returning FALSE
at 183 ns(2), Instance /top_tb01/uut/binary_bcd/ : Warning: NUMERIC_STD.">": metavalue detected, returning FALSE
at 184 ns(2), Instance /top_tb01/uut/binary_bcd/ : Warning: NUMERIC_STD.">": metavalue detected, returning FALSE
at 185 ns(2), Instance /top_tb01/uut/binary_bcd/ : Warning: NUMERIC_STD.">": metavalue detected, returning FALSE
at 186 ns(2), Instance /top_tb01/uut/binary_bcd/ : Warning: NUMERIC_STD.">": metavalue detected, returning FALSE
at 187 ns(2), Instance /top_tb01/uut/binary_bcd/ : Warning: NUMERIC_STD.">": metavalue detected, returning FALSE
at 188 ns(2), Instance /top_tb01/uut/binary_bcd/ : Warning: NUMERIC_STD.">": metavalue detected, returning FALSE
at 192 ns(2), Instance /top_tb01/uut/binary_bcd/ : Warning: NUMERIC_STD.">": metavalue detected, returning FALSE
at 193 ns(2), Instance /top_tb01/uut/binary_bcd/ : Warning: NUMERIC_STD.">": metavalue detected, returning FALSE
at 194 ns(2), Instance /top_tb01/uut/binary_bcd/ : Warning: NUMERIC_STD.">": metavalue detected, returning FALSE
at 195 ns(2), Instance /top_tb01/uut/binary_bcd/ : Warning: NUMERIC_STD.">": metavalue detected, returning FALSE
at 196 ns(2), Instance /top_tb01/uut/binary_bcd/ : Warning: NUMERIC_STD.">": metavalue detected, returning FALSE
at 197 ns(2), Instance /top_tb01/uut/binary_bcd/ : Warning: NUMERIC_STD.">": metavalue detected, returning FALSE
at 198 ns(2), Instance /top_tb01/uut/binary_bcd/ : Warning: NUMERIC_STD.">": metavalue detected, returning FALSE
at 199 ns(2), Instance /top_tb01/uut/binary_bcd/ : Warning: NUMERIC_STD.">": metavalue detected, returning FALSE
at 200 ns(2), Instance /top_tb01/uut/binary_bcd/ : Warning: NUMERIC_STD.">": metavalue detected, returning FALSE
at 201 ns(2), Instance /top_tb01/uut/binary_bcd/ : Warning: NUMERIC_STD.">": metavalue detected, returning FALSE
at 202 ns(2), Instance /top_tb01/uut/binary_bcd/ : Warning: NUMERIC_STD.">": metavalue detected, returning FALSE
at 203 ns(2), Instance /top_tb01/uut/binary_bcd/ : Warning: NUMERIC_STD.">": metavalue detected, returning FALSE
at 204 ns(2), Instance /top_tb01/uut/binary_bcd/ : Warning: NUMERIC_STD.">": metavalue detected, returning FALSE
at 205 ns(2), Instance /top_tb01/uut/binary_bcd/ : Warning: NUMERIC_STD.">": metavalue detected, returning FALSE
at 206 ns(2), Instance /top_tb01/uut/binary_bcd/ : Warning: NUMERIC_STD.">": metavalue detected, returning FALSE
at 207 ns(2), Instance /top_tb01/uut/binary_bcd/ : Warning: NUMERIC_STD.">": metavalue detected, returning FALSE
at 211 ns(2), Instance /top_tb01/uut/binary_bcd/ : Warning: NUMERIC_STD.">": metavalue detected, returning FALSE
at 212 ns(2), Instance /top_tb01/uut/binary_bcd/ : Warning: NUMERIC_STD.">": metavalue detected, returning FALSE
at 213 ns(2), Instance /top_tb01/uut/binary_bcd/ : Warning: NUMERIC_STD.">": metavalue detected, returning FALSE
at 214 ns(2), Instance /top_tb01/uut/binary_bcd/ : Warning: NUMERIC_STD.">": metavalue detected, returning FALSE
at 215 ns(2), Instance /top_tb01/uut/binary_bcd/ : Warning: NUMERIC_STD.">": metavalue detected, returning FALSE
at 216 ns(2), Instance /top_tb01/uut/binary_bcd/ : Warning: NUMERIC_STD.">": metavalue detected, returning FALSE
at 217 ns(2), Instance /top_tb01/uut/binary_bcd/ : Warning: NUMERIC_STD.">": metavalue detected, returning FALSE
at 218 ns(2), Instance /top_tb01/uut/binary_bcd/ : Warning: NUMERIC_STD.">": metavalue detected, returning FALSE
at 219 ns(2), Instance /top_tb01/uut/binary_bcd/ : Warning: NUMERIC_STD.">": metavalue detected, returning FALSE
at 220 ns(2), Instance /top_tb01/uut/binary_bcd/ : Warning: NUMERIC_STD.">": metavalue detected, returning FALSE
at 221 ns(2), Instance /top_tb01/uut/binary_bcd/ : Warning: NUMERIC_STD.">": metavalue detected, returning FALSE
at 222 ns(2), Instance /top_tb01/uut/binary_bcd/ : Warning: NUMERIC_STD.">": metavalue detected, returning FALSE
at 223 ns(2), Instance /top_tb01/uut/binary_bcd/ : Warning: NUMERIC_STD.">": metavalue detected, returning FALSE
at 224 ns(2), Instance /top_tb01/uut/binary_bcd/ : Warning: NUMERIC_STD.">": metavalue detected, returning FALSE
at 225 ns(2), Instance /top_tb01/uut/binary_bcd/ : Warning: NUMERIC_STD.">": metavalue detected, returning FALSE
at 226 ns(2), Instance /top_tb01/uut/binary_bcd/ : Warning: NUMERIC_STD.">": metavalue detected, returning FALSE
at 230 ns(2), Instance /top_tb01/uut/binary_bcd/ : Warning: NUMERIC_STD.">": metavalue detected, returning FALSE
at 231 ns(2), Instance /top_tb01/uut/binary_bcd/ : Warning: NUMERIC_STD.">": metavalue detected, returning FALSE
at 232 ns(2), Instance /top_tb01/uut/binary_bcd/ : Warning: NUMERIC_STD.">": metavalue detected, returning FALSE
at 233 ns(2), Instance /top_tb01/uut/binary_bcd/ : Warning: NUMERIC_STD.">": metavalue detected, returning FALSE
at 234 ns(2), Instance /top_tb01/uut/binary_bcd/ : Warning: NUMERIC_STD.">": metavalue detected, returning FALSE
at 235 ns(2), Instance /top_tb01/uut/binary_bcd/ : Warning: NUMERIC_STD.">": metavalue detected, returning FALSE
at 236 ns(2), Instance /top_tb01/uut/binary_bcd/ : Warning: NUMERIC_STD.">": metavalue detected, returning FALSE
at 237 ns(2), Instance /top_tb01/uut/binary_bcd/ : Warning: NUMERIC_STD.">": metavalue detected, returning FALSE
at 238 ns(2), Instance /top_tb01/uut/binary_bcd/ : Warning: NUMERIC_STD.">": metavalue detected, returning FALSE
at 239 ns(2), Instance /top_tb01/uut/binary_bcd/ : Warning: NUMERIC_STD.">": metavalue detected, returning FALSE
at 240 ns(2), Instance /top_tb01/uut/binary_bcd/ : Warning: NUMERIC_STD.">": metavalue detected, returning FALSE
at 241 ns(2), Instance /top_tb01/uut/binary_bcd/ : Warning: NUMERIC_STD.">": metavalue detected, returning FALSE
at 242 ns(2), Instance /top_tb01/uut/binary_bcd/ : Warning: NUMERIC_STD.">": metavalue detected, returning FALSE
at 243 ns(2), Instance /top_tb01/uut/binary_bcd/ : Warning: NUMERIC_STD.">": metavalue detected, returning FALSE
at 244 ns(2), Instance /top_tb01/uut/binary_bcd/ : Warning: NUMERIC_STD.">": metavalue detected, returning FALSE
at 245 ns(2), Instance /top_tb01/uut/binary_bcd/ : Warning: NUMERIC_STD.">": metavalue detected, returning FALSE
at 249 ns(2), Instance /top_tb01/uut/binary_bcd/ : Warning: NUMERIC_STD.">": metavalue detected, returning FALSE
at 250 ns(2), Instance /top_tb01/uut/binary_bcd/ : Warning: NUMERIC_STD.">": metavalue detected, returning FALSE
at 251 ns(2), Instance /top_tb01/uut/binary_bcd/ : Warning: NUMERIC_STD.">": metavalue detected, returning FALSE
at 252 ns(2), Instance /top_tb01/uut/binary_bcd/ : Warning: NUMERIC_STD.">": metavalue detected, returning FALSE
at 253 ns(2), Instance /top_tb01/uut/binary_bcd/ : Warning: NUMERIC_STD.">": metavalue detected, returning FALSE
at 254 ns(2), Instance /top_tb01/uut/binary_bcd/ : Warning: NUMERIC_STD.">": metavalue detected, returning FALSE
at 255 ns(2), Instance /top_tb01/uut/binary_bcd/ : Warning: NUMERIC_STD.">": metavalue detected, returning FALSE
at 256 ns(2), Instance /top_tb01/uut/binary_bcd/ : Warning: NUMERIC_STD.">": metavalue detected, returning FALSE
at 257 ns(2), Instance /top_tb01/uut/binary_bcd/ : Warning: NUMERIC_STD.">": metavalue detected, returning FALSE
at 258 ns(2), Instance /top_tb01/uut/binary_bcd/ : Warning: NUMERIC_STD.">": metavalue detected, returning FALSE
at 259 ns(2), Instance /top_tb01/uut/binary_bcd/ : Warning: NUMERIC_STD.">": metavalue detected, returning FALSE
at 260 ns(2), Instance /top_tb01/uut/binary_bcd/ : Warning: NUMERIC_STD.">": metavalue detected, returning FALSE
at 261 ns(2), Instance /top_tb01/uut/binary_bcd/ : Warning: NUMERIC_STD.">": metavalue detected, returning FALSE
at 262 ns(2), Instance /top_tb01/uut/binary_bcd/ : Warning: NUMERIC_STD.">": metavalue detected, returning FALSE
at 263 ns(2), Instance /top_tb01/uut/binary_bcd/ : Warning: NUMERIC_STD.">": metavalue detected, returning FALSE
at 264 ns(2), Instance /top_tb01/uut/binary_bcd/ : Warning: NUMERIC_STD.">": metavalue detected, returning FALSE
at 268 ns(2), Instance /top_tb01/uut/binary_bcd/ : Warning: NUMERIC_STD.">": metavalue detected, returning FALSE
at 269 ns(2), Instance /top_tb01/uut/binary_bcd/ : Warning: NUMERIC_STD.">": metavalue detected, returning FALSE
at 270 ns(2), Instance /top_tb01/uut/binary_bcd/ : Warning: NUMERIC_STD.">": metavalue detected, returning FALSE
at 271 ns(2), Instance /top_tb01/uut/binary_bcd/ : Warning: NUMERIC_STD.">": metavalue detected, returning FALSE
at 272 ns(2), Instance /top_tb01/uut/binary_bcd/ : Warning: NUMERIC_STD.">": metavalue detected, returning FALSE
at 273 ns(2), Instance /top_tb01/uut/binary_bcd/ : Warning: NUMERIC_STD.">": metavalue detected, returning FALSE
at 274 ns(2), Instance /top_tb01/uut/binary_bcd/ : Warning: NUMERIC_STD.">": metavalue detected, returning FALSE
at 275 ns(2), Instance /top_tb01/uut/binary_bcd/ : Warning: NUMERIC_STD.">": metavalue detected, returning FALSE
at 276 ns(2), Instance /top_tb01/uut/binary_bcd/ : Warning: NUMERIC_STD.">": metavalue detected, returning FALSE
at 277 ns(2), Instance /top_tb01/uut/binary_bcd/ : Warning: NUMERIC_STD.">": metavalue detected, returning FALSE
at 278 ns(2), Instance /top_tb01/uut/binary_bcd/ : Warning: NUMERIC_STD.">": metavalue detected, returning FALSE
at 279 ns(2), Instance /top_tb01/uut/binary_bcd/ : Warning: NUMERIC_STD.">": metavalue detected, returning FALSE
at 280 ns(2), Instance /top_tb01/uut/binary_bcd/ : Warning: NUMERIC_STD.">": metavalue detected, returning FALSE
at 281 ns(2), Instance /top_tb01/uut/binary_bcd/ : Warning: NUMERIC_STD.">": metavalue detected, returning FALSE
at 282 ns(2), Instance /top_tb01/uut/binary_bcd/ : Warning: NUMERIC_STD.">": metavalue detected, returning FALSE
at 283 ns(2), Instance /top_tb01/uut/binary_bcd/ : Warning: NUMERIC_STD.">": metavalue detected, returning FALSE
at 287 ns(2), Instance /top_tb01/uut/binary_bcd/ : Warning: NUMERIC_STD.">": metavalue detected, returning FALSE
at 288 ns(2), Instance /top_tb01/uut/binary_bcd/ : Warning: NUMERIC_STD.">": metavalue detected, returning FALSE
at 289 ns(2), Instance /top_tb01/uut/binary_bcd/ : Warning: NUMERIC_STD.">": metavalue detected, returning FALSE
at 290 ns(2), Instance /top_tb01/uut/binary_bcd/ : Warning: NUMERIC_STD.">": metavalue detected, returning FALSE
at 291 ns(2), Instance /top_tb01/uut/binary_bcd/ : Warning: NUMERIC_STD.">": metavalue detected, returning FALSE
at 292 ns(2), Instance /top_tb01/uut/binary_bcd/ : Warning: NUMERIC_STD.">": metavalue detected, returning FALSE
at 293 ns(2), Instance /top_tb01/uut/binary_bcd/ : Warning: NUMERIC_STD.">": metavalue detected, returning FALSE
at 294 ns(2), Instance /top_tb01/uut/binary_bcd/ : Warning: NUMERIC_STD.">": metavalue detected, returning FALSE
at 295 ns(2), Instance /top_tb01/uut/binary_bcd/ : Warning: NUMERIC_STD.">": metavalue detected, returning FALSE
at 296 ns(2), Instance /top_tb01/uut/binary_bcd/ : Warning: NUMERIC_STD.">": metavalue detected, returning FALSE
at 297 ns(2), Instance /top_tb01/uut/binary_bcd/ : Warning: NUMERIC_STD.">": metavalue detected, returning FALSE
at 298 ns(2), Instance /top_tb01/uut/binary_bcd/ : Warning: NUMERIC_STD.">": metavalue detected, returning FALSE
at 299 ns(2), Instance /top_tb01/uut/binary_bcd/ : Warning: NUMERIC_STD.">": metavalue detected, returning FALSE
at 300 ns(2), Instance /top_tb01/uut/binary_bcd/ : Warning: NUMERIC_STD.">": metavalue detected, returning FALSE
at 301 ns(2), Instance /top_tb01/uut/binary_bcd/ : Warning: NUMERIC_STD.">": metavalue detected, returning FALSE
at 302 ns(2), Instance /top_tb01/uut/binary_bcd/ : Warning: NUMERIC_STD.">": metavalue detected, returning FALSE
at 306 ns(2), Instance /top_tb01/uut/binary_bcd/ : Warning: NUMERIC_STD.">": metavalue detected, returning FALSE
at 307 ns(2), Instance /top_tb01/uut/binary_bcd/ : Warning: NUMERIC_STD.">": metavalue detected, returning FALSE
at 308 ns(2), Instance /top_tb01/uut/binary_bcd/ : Warning: NUMERIC_STD.">": metavalue detected, returning FALSE
at 309 ns(2), Instance /top_tb01/uut/binary_bcd/ : Warning: NUMERIC_STD.">": metavalue detected, returning FALSE
at 310 ns(2), Instance /top_tb01/uut/binary_bcd/ : Warning: NUMERIC_STD.">": metavalue detected, returning FALSE
at 311 ns(2), Instance /top_tb01/uut/binary_bcd/ : Warning: NUMERIC_STD.">": metavalue detected, returning FALSE
at 312 ns(2), Instance /top_tb01/uut/binary_bcd/ : Warning: NUMERIC_STD.">": metavalue detected, returning FALSE
at 313 ns(2), Instance /top_tb01/uut/binary_bcd/ : Warning: NUMERIC_STD.">": metavalue detected, returning FALSE
at 314 ns(2), Instance /top_tb01/uut/binary_bcd/ : Warning: NUMERIC_STD.">": metavalue detected, returning FALSE
at 315 ns(2), Instance /top_tb01/uut/binary_bcd/ : Warning: NUMERIC_STD.">": metavalue detected, returning FALSE
at 316 ns(2), Instance /top_tb01/uut/binary_bcd/ : Warning: NUMERIC_STD.">": metavalue detected, returning FALSE
at 317 ns(2), Instance /top_tb01/uut/binary_bcd/ : Warning: NUMERIC_STD.">": metavalue detected, returning FALSE
at 318 ns(2), Instance /top_tb01/uut/binary_bcd/ : Warning: NUMERIC_STD.">": metavalue detected, returning FALSE
at 319 ns(2), Instance /top_tb01/uut/binary_bcd/ : Warning: NUMERIC_STD.">": metavalue detected, returning FALSE
at 320 ns(2), Instance /top_tb01/uut/binary_bcd/ : Warning: NUMERIC_STD.">": metavalue detected, returning FALSE
at 321 ns(2), Instance /top_tb01/uut/binary_bcd/ : Warning: NUMERIC_STD.">": metavalue detected, returning FALSE
at 325 ns(2), Instance /top_tb01/uut/binary_bcd/ : Warning: NUMERIC_STD.">": metavalue detected, returning FALSE
at 326 ns(2), Instance /top_tb01/uut/binary_bcd/ : Warning: NUMERIC_STD.">": metavalue detected, returning FALSE
at 327 ns(2), Instance /top_tb01/uut/binary_bcd/ : Warning: NUMERIC_STD.">": metavalue detected, returning FALSE
at 328 ns(2), Instance /top_tb01/uut/binary_bcd/ : Warning: NUMERIC_STD.">": metavalue detected, returning FALSE
at 329 ns(2), Instance /top_tb01/uut/binary_bcd/ : Warning: NUMERIC_STD.">": metavalue detected, returning FALSE
at 330 ns(2), Instance /top_tb01/uut/binary_bcd/ : Warning: NUMERIC_STD.">": metavalue detected, returning FALSE
at 331 ns(2), Instance /top_tb01/uut/binary_bcd/ : Warning: NUMERIC_STD.">": metavalue detected, returning FALSE
at 332 ns(2), Instance /top_tb01/uut/binary_bcd/ : Warning: NUMERIC_STD.">": metavalue detected, returning FALSE
at 333 ns(2), Instance /top_tb01/uut/binary_bcd/ : Warning: NUMERIC_STD.">": metavalue detected, returning FALSE
at 334 ns(2), Instance /top_tb01/uut/binary_bcd/ : Warning: NUMERIC_STD.">": metavalue detected, returning FALSE
at 335 ns(2), Instance /top_tb01/uut/binary_bcd/ : Warning: NUMERIC_STD.">": metavalue detected, returning FALSE
at 336 ns(2), Instance /top_tb01/uut/binary_bcd/ : Warning: NUMERIC_STD.">": metavalue detected, returning FALSE
at 337 ns(2), Instance /top_tb01/uut/binary_bcd/ : Warning: NUMERIC_STD.">": metavalue detected, returning FALSE
at 338 ns(2), Instance /top_tb01/uut/binary_bcd/ : Warning: NUMERIC_STD.">": metavalue detected, returning FALSE
at 339 ns(2), Instance /top_tb01/uut/binary_bcd/ : Warning: NUMERIC_STD.">": metavalue detected, returning FALSE
at 340 ns(2), Instance /top_tb01/uut/binary_bcd/ : Warning: NUMERIC_STD.">": metavalue detected, returning FALSE
at 344 ns(2), Instance /top_tb01/uut/binary_bcd/ : Warning: NUMERIC_STD.">": metavalue detected, returning FALSE
at 345 ns(2), Instance /top_tb01/uut/binary_bcd/ : Warning: NUMERIC_STD.">": metavalue detected, returning FALSE
at 346 ns(2), Instance /top_tb01/uut/binary_bcd/ : Warning: NUMERIC_STD.">": metavalue detected, returning FALSE
at 347 ns(2), Instance /top_tb01/uut/binary_bcd/ : Warning: NUMERIC_STD.">": metavalue detected, returning FALSE
at 348 ns(2), Instance /top_tb01/uut/binary_bcd/ : Warning: NUMERIC_STD.">": metavalue detected, returning FALSE
at 349 ns(2), Instance /top_tb01/uut/binary_bcd/ : Warning: NUMERIC_STD.">": metavalue detected, returning FALSE
at 350 ns(2), Instance /top_tb01/uut/binary_bcd/ : Warning: NUMERIC_STD.">": metavalue detected, returning FALSE
at 351 ns(2), Instance /top_tb01/uut/binary_bcd/ : Warning: NUMERIC_STD.">": metavalue detected, returning FALSE
at 352 ns(2), Instance /top_tb01/uut/binary_bcd/ : Warning: NUMERIC_STD.">": metavalue detected, returning FALSE
at 353 ns(2), Instance /top_tb01/uut/binary_bcd/ : Warning: NUMERIC_STD.">": metavalue detected, returning FALSE
at 354 ns(2), Instance /top_tb01/uut/binary_bcd/ : Warning: NUMERIC_STD.">": metavalue detected, returning FALSE
at 355 ns(2), Instance /top_tb01/uut/binary_bcd/ : Warning: NUMERIC_STD.">": metavalue detected, returning FALSE
at 356 ns(2), Instance /top_tb01/uut/binary_bcd/ : Warning: NUMERIC_STD.">": metavalue detected, returning FALSE
at 357 ns(2), Instance /top_tb01/uut/binary_bcd/ : Warning: NUMERIC_STD.">": metavalue detected, returning FALSE
at 358 ns(2), Instance /top_tb01/uut/binary_bcd/ : Warning: NUMERIC_STD.">": metavalue detected, returning FALSE
at 359 ns(2), Instance /top_tb01/uut/binary_bcd/ : Warning: NUMERIC_STD.">": metavalue detected, returning FALSE
at 363 ns(2), Instance /top_tb01/uut/binary_bcd/ : Warning: NUMERIC_STD.">": metavalue detected, returning FALSE
at 364 ns(2), Instance /top_tb01/uut/binary_bcd/ : Warning: NUMERIC_STD.">": metavalue detected, returning FALSE
at 365 ns(2), Instance /top_tb01/uut/binary_bcd/ : Warning: NUMERIC_STD.">": metavalue detected, returning FALSE
at 366 ns(2), Instance /top_tb01/uut/binary_bcd/ : Warning: NUMERIC_STD.">": metavalue detected, returning FALSE
at 367 ns(2), Instance /top_tb01/uut/binary_bcd/ : Warning: NUMERIC_STD.">": metavalue detected, returning FALSE
at 368 ns(2), Instance /top_tb01/uut/binary_bcd/ : Warning: NUMERIC_STD.">": metavalue detected, returning FALSE
at 369 ns(2), Instance /top_tb01/uut/binary_bcd/ : Warning: NUMERIC_STD.">": metavalue detected, returning FALSE
at 370 ns(2), Instance /top_tb01/uut/binary_bcd/ : Warning: NUMERIC_STD.">": metavalue detected, returning FALSE
at 371 ns(2), Instance /top_tb01/uut/binary_bcd/ : Warning: NUMERIC_STD.">": metavalue detected, returning FALSE
at 372 ns(2), Instance /top_tb01/uut/binary_bcd/ : Warning: NUMERIC_STD.">": metavalue detected, returning FALSE
at 373 ns(2), Instance /top_tb01/uut/binary_bcd/ : Warning: NUMERIC_STD.">": metavalue detected, returning FALSE
at 374 ns(2), Instance /top_tb01/uut/binary_bcd/ : Warning: NUMERIC_STD.">": metavalue detected, returning FALSE
at 375 ns(2), Instance /top_tb01/uut/binary_bcd/ : Warning: NUMERIC_STD.">": metavalue detected, returning FALSE
at 376 ns(2), Instance /top_tb01/uut/binary_bcd/ : Warning: NUMERIC_STD.">": metavalue detected, returning FALSE
at 377 ns(2), Instance /top_tb01/uut/binary_bcd/ : Warning: NUMERIC_STD.">": metavalue detected, returning FALSE
at 378 ns(2), Instance /top_tb01/uut/binary_bcd/ : Warning: NUMERIC_STD.">": metavalue detected, returning FALSE
at 382 ns(2), Instance /top_tb01/uut/binary_bcd/ : Warning: NUMERIC_STD.">": metavalue detected, returning FALSE
at 383 ns(2), Instance /top_tb01/uut/binary_bcd/ : Warning: NUMERIC_STD.">": metavalue detected, returning FALSE
at 384 ns(2), Instance /top_tb01/uut/binary_bcd/ : Warning: NUMERIC_STD.">": metavalue detected, returning FALSE
at 385 ns(2), Instance /top_tb01/uut/binary_bcd/ : Warning: NUMERIC_STD.">": metavalue detected, returning FALSE
at 386 ns(2), Instance /top_tb01/uut/binary_bcd/ : Warning: NUMERIC_STD.">": metavalue detected, returning FALSE
at 387 ns(2), Instance /top_tb01/uut/binary_bcd/ : Warning: NUMERIC_STD.">": metavalue detected, returning FALSE
at 388 ns(2), Instance /top_tb01/uut/binary_bcd/ : Warning: NUMERIC_STD.">": metavalue detected, returning FALSE
at 389 ns(2), Instance /top_tb01/uut/binary_bcd/ : Warning: NUMERIC_STD.">": metavalue detected, returning FALSE
at 390 ns(2), Instance /top_tb01/uut/binary_bcd/ : Warning: NUMERIC_STD.">": metavalue detected, returning FALSE
at 391 ns(2), Instance /top_tb01/uut/binary_bcd/ : Warning: NUMERIC_STD.">": metavalue detected, returning FALSE
at 392 ns(2), Instance /top_tb01/uut/binary_bcd/ : Warning: NUMERIC_STD.">": metavalue detected, returning FALSE
at 393 ns(2), Instance /top_tb01/uut/binary_bcd/ : Warning: NUMERIC_STD.">": metavalue detected, returning FALSE
at 394 ns(2), Instance /top_tb01/uut/binary_bcd/ : Warning: NUMERIC_STD.">": metavalue detected, returning FALSE
at 395 ns(2), Instance /top_tb01/uut/binary_bcd/ : Warning: NUMERIC_STD.">": metavalue detected, returning FALSE
at 396 ns(2), Instance /top_tb01/uut/binary_bcd/ : Warning: NUMERIC_STD.">": metavalue detected, returning FALSE
at 397 ns(2), Instance /top_tb01/uut/binary_bcd/ : Warning: NUMERIC_STD.">": metavalue detected, returning FALSE
at 401 ns(2), Instance /top_tb01/uut/binary_bcd/ : Warning: NUMERIC_STD.">": metavalue detected, returning FALSE
at 402 ns(2), Instance /top_tb01/uut/binary_bcd/ : Warning: NUMERIC_STD.">": metavalue detected, returning FALSE
at 403 ns(2), Instance /top_tb01/uut/binary_bcd/ : Warning: NUMERIC_STD.">": metavalue detected, returning FALSE
at 404 ns(2), Instance /top_tb01/uut/binary_bcd/ : Warning: NUMERIC_STD.">": metavalue detected, returning FALSE
at 405 ns(2), Instance /top_tb01/uut/binary_bcd/ : Warning: NUMERIC_STD.">": metavalue detected, returning FALSE
at 406 ns(2), Instance /top_tb01/uut/binary_bcd/ : Warning: NUMERIC_STD.">": metavalue detected, returning FALSE
at 407 ns(2), Instance /top_tb01/uut/binary_bcd/ : Warning: NUMERIC_STD.">": metavalue detected, returning FALSE
at 408 ns(2), Instance /top_tb01/uut/binary_bcd/ : Warning: NUMERIC_STD.">": metavalue detected, returning FALSE
at 409 ns(2), Instance /top_tb01/uut/binary_bcd/ : Warning: NUMERIC_STD.">": metavalue detected, returning FALSE
at 410 ns(2), Instance /top_tb01/uut/binary_bcd/ : Warning: NUMERIC_STD.">": metavalue detected, returning FALSE
at 411 ns(2), Instance /top_tb01/uut/binary_bcd/ : Warning: NUMERIC_STD.">": metavalue detected, returning FALSE
at 412 ns(2), Instance /top_tb01/uut/binary_bcd/ : Warning: NUMERIC_STD.">": metavalue detected, returning FALSE
at 413 ns(2), Instance /top_tb01/uut/binary_bcd/ : Warning: NUMERIC_STD.">": metavalue detected, returning FALSE
at 414 ns(2), Instance /top_tb01/uut/binary_bcd/ : Warning: NUMERIC_STD.">": metavalue detected, returning FALSE
at 415 ns(2), Instance /top_tb01/uut/binary_bcd/ : Warning: NUMERIC_STD.">": metavalue detected, returning FALSE
at 416 ns(2), Instance /top_tb01/uut/binary_bcd/ : Warning: NUMERIC_STD.">": metavalue detected, returning FALSE
at 420 ns(2), Instance /top_tb01/uut/binary_bcd/ : Warning: NUMERIC_STD.">": metavalue detected, returning FALSE
at 421 ns(2), Instance /top_tb01/uut/binary_bcd/ : Warning: NUMERIC_STD.">": metavalue detected, returning FALSE
at 422 ns(2), Instance /top_tb01/uut/binary_bcd/ : Warning: NUMERIC_STD.">": metavalue detected, returning FALSE
at 423 ns(2), Instance /top_tb01/uut/binary_bcd/ : Warning: NUMERIC_STD.">": metavalue detected, returning FALSE
at 424 ns(2), Instance /top_tb01/uut/binary_bcd/ : Warning: NUMERIC_STD.">": metavalue detected, returning FALSE
at 425 ns(2), Instance /top_tb01/uut/binary_bcd/ : Warning: NUMERIC_STD.">": metavalue detected, returning FALSE
at 426 ns(2), Instance /top_tb01/uut/binary_bcd/ : Warning: NUMERIC_STD.">": metavalue detected, returning FALSE
at 427 ns(2), Instance /top_tb01/uut/binary_bcd/ : Warning: NUMERIC_STD.">": metavalue detected, returning FALSE
at 428 ns(2), Instance /top_tb01/uut/binary_bcd/ : Warning: NUMERIC_STD.">": metavalue detected, returning FALSE
at 429 ns(2), Instance /top_tb01/uut/binary_bcd/ : Warning: NUMERIC_STD.">": metavalue detected, returning FALSE
at 430 ns(2), Instance /top_tb01/uut/binary_bcd/ : Warning: NUMERIC_STD.">": metavalue detected, returning FALSE
at 431 ns(2), Instance /top_tb01/uut/binary_bcd/ : Warning: NUMERIC_STD.">": metavalue detected, returning FALSE
at 432 ns(2), Instance /top_tb01/uut/binary_bcd/ : Warning: NUMERIC_STD.">": metavalue detected, returning FALSE
at 433 ns(2), Instance /top_tb01/uut/binary_bcd/ : Warning: NUMERIC_STD.">": metavalue detected, returning FALSE
at 434 ns(2), Instance /top_tb01/uut/binary_bcd/ : Warning: NUMERIC_STD.">": metavalue detected, returning FALSE
at 435 ns(2), Instance /top_tb01/uut/binary_bcd/ : Warning: NUMERIC_STD.">": metavalue detected, returning FALSE
at 439 ns(2), Instance /top_tb01/uut/binary_bcd/ : Warning: NUMERIC_STD.">": metavalue detected, returning FALSE
at 440 ns(2), Instance /top_tb01/uut/binary_bcd/ : Warning: NUMERIC_STD.">": metavalue detected, returning FALSE
at 441 ns(2), Instance /top_tb01/uut/binary_bcd/ : Warning: NUMERIC_STD.">": metavalue detected, returning FALSE
at 442 ns(2), Instance /top_tb01/uut/binary_bcd/ : Warning: NUMERIC_STD.">": metavalue detected, returning FALSE
at 443 ns(2), Instance /top_tb01/uut/binary_bcd/ : Warning: NUMERIC_STD.">": metavalue detected, returning FALSE
at 444 ns(2), Instance /top_tb01/uut/binary_bcd/ : Warning: NUMERIC_STD.">": metavalue detected, returning FALSE
at 445 ns(2), Instance /top_tb01/uut/binary_bcd/ : Warning: NUMERIC_STD.">": metavalue detected, returning FALSE
at 446 ns(2), Instance /top_tb01/uut/binary_bcd/ : Warning: NUMERIC_STD.">": metavalue detected, returning FALSE
at 447 ns(2), Instance /top_tb01/uut/binary_bcd/ : Warning: NUMERIC_STD.">": metavalue detected, returning FALSE
at 448 ns(2), Instance /top_tb01/uut/binary_bcd/ : Warning: NUMERIC_STD.">": metavalue detected, returning FALSE
at 449 ns(2), Instance /top_tb01/uut/binary_bcd/ : Warning: NUMERIC_STD.">": metavalue detected, returning FALSE
at 450 ns(2), Instance /top_tb01/uut/binary_bcd/ : Warning: NUMERIC_STD.">": metavalue detected, returning FALSE
at 451 ns(2), Instance /top_tb01/uut/binary_bcd/ : Warning: NUMERIC_STD.">": metavalue detected, returning FALSE
at 452 ns(2), Instance /top_tb01/uut/binary_bcd/ : Warning: NUMERIC_STD.">": metavalue detected, returning FALSE
at 453 ns(2), Instance /top_tb01/uut/binary_bcd/ : Warning: NUMERIC_STD.">": metavalue detected, returning FALSE
at 454 ns(2), Instance /top_tb01/uut/binary_bcd/ : Warning: NUMERIC_STD.">": metavalue detected, returning FALSE
at 458 ns(2), Instance /top_tb01/uut/binary_bcd/ : Warning: NUMERIC_STD.">": metavalue detected, returning FALSE
at 459 ns(2), Instance /top_tb01/uut/binary_bcd/ : Warning: NUMERIC_STD.">": metavalue detected, returning FALSE
at 460 ns(2), Instance /top_tb01/uut/binary_bcd/ : Warning: NUMERIC_STD.">": metavalue detected, returning FALSE
at 461 ns(2), Instance /top_tb01/uut/binary_bcd/ : Warning: NUMERIC_STD.">": metavalue detected, returning FALSE
at 462 ns(2), Instance /top_tb01/uut/binary_bcd/ : Warning: NUMERIC_STD.">": metavalue detected, returning FALSE
at 463 ns(2), Instance /top_tb01/uut/binary_bcd/ : Warning: NUMERIC_STD.">": metavalue detected, returning FALSE
at 464 ns(2), Instance /top_tb01/uut/binary_bcd/ : Warning: NUMERIC_STD.">": metavalue detected, returning FALSE
at 465 ns(2), Instance /top_tb01/uut/binary_bcd/ : Warning: NUMERIC_STD.">": metavalue detected, returning FALSE
at 466 ns(2), Instance /top_tb01/uut/binary_bcd/ : Warning: NUMERIC_STD.">": metavalue detected, returning FALSE
at 467 ns(2), Instance /top_tb01/uut/binary_bcd/ : Warning: NUMERIC_STD.">": metavalue detected, returning FALSE
at 468 ns(2), Instance /top_tb01/uut/binary_bcd/ : Warning: NUMERIC_STD.">": metavalue detected, returning FALSE
at 469 ns(2), Instance /top_tb01/uut/binary_bcd/ : Warning: NUMERIC_STD.">": metavalue detected, returning FALSE
at 470 ns(2), Instance /top_tb01/uut/binary_bcd/ : Warning: NUMERIC_STD.">": metavalue detected, returning FALSE
at 471 ns(2), Instance /top_tb01/uut/binary_bcd/ : Warning: NUMERIC_STD.">": metavalue detected, returning FALSE
at 472 ns(2), Instance /top_tb01/uut/binary_bcd/ : Warning: NUMERIC_STD.">": metavalue detected, returning FALSE
at 473 ns(2), Instance /top_tb01/uut/binary_bcd/ : Warning: NUMERIC_STD.">": metavalue detected, returning FALSE
at 477 ns(2), Instance /top_tb01/uut/binary_bcd/ : Warning: NUMERIC_STD.">": metavalue detected, returning FALSE
at 478 ns(2), Instance /top_tb01/uut/binary_bcd/ : Warning: NUMERIC_STD.">": metavalue detected, returning FALSE
at 479 ns(2), Instance /top_tb01/uut/binary_bcd/ : Warning: NUMERIC_STD.">": metavalue detected, returning FALSE
at 480 ns(2), Instance /top_tb01/uut/binary_bcd/ : Warning: NUMERIC_STD.">": metavalue detected, returning FALSE
at 481 ns(2), Instance /top_tb01/uut/binary_bcd/ : Warning: NUMERIC_STD.">": metavalue detected, returning FALSE
at 482 ns(2), Instance /top_tb01/uut/binary_bcd/ : Warning: NUMERIC_STD.">": metavalue detected, returning FALSE
at 483 ns(2), Instance /top_tb01/uut/binary_bcd/ : Warning: NUMERIC_STD.">": metavalue detected, returning FALSE
at 484 ns(2), Instance /top_tb01/uut/binary_bcd/ : Warning: NUMERIC_STD.">": metavalue detected, returning FALSE
at 485 ns(2), Instance /top_tb01/uut/binary_bcd/ : Warning: NUMERIC_STD.">": metavalue detected, returning FALSE
at 486 ns(2), Instance /top_tb01/uut/binary_bcd/ : Warning: NUMERIC_STD.">": metavalue detected, returning FALSE
at 487 ns(2), Instance /top_tb01/uut/binary_bcd/ : Warning: NUMERIC_STD.">": metavalue detected, returning FALSE
at 488 ns(2), Instance /top_tb01/uut/binary_bcd/ : Warning: NUMERIC_STD.">": metavalue detected, returning FALSE
at 489 ns(2), Instance /top_tb01/uut/binary_bcd/ : Warning: NUMERIC_STD.">": metavalue detected, returning FALSE
at 490 ns(2), Instance /top_tb01/uut/binary_bcd/ : Warning: NUMERIC_STD.">": metavalue detected, returning FALSE
at 491 ns(2), Instance /top_tb01/uut/binary_bcd/ : Warning: NUMERIC_STD.">": metavalue detected, returning FALSE
at 492 ns(2), Instance /top_tb01/uut/binary_bcd/ : Warning: NUMERIC_STD.">": metavalue detected, returning FALSE
at 496 ns(2), Instance /top_tb01/uut/binary_bcd/ : Warning: NUMERIC_STD.">": metavalue detected, returning FALSE
at 497 ns(2), Instance /top_tb01/uut/binary_bcd/ : Warning: NUMERIC_STD.">": metavalue detected, returning FALSE
at 498 ns(2), Instance /top_tb01/uut/binary_bcd/ : Warning: NUMERIC_STD.">": metavalue detected, returning FALSE
at 499 ns(2), Instance /top_tb01/uut/binary_bcd/ : Warning: NUMERIC_STD.">": metavalue detected, returning FALSE
at 500 ns(2), Instance /top_tb01/uut/binary_bcd/ : Warning: NUMERIC_STD.">": metavalue detected, returning FALSE
at 501 ns(2), Instance /top_tb01/uut/binary_bcd/ : Warning: NUMERIC_STD.">": metavalue detected, returning FALSE
at 502 ns(2), Instance /top_tb01/uut/binary_bcd/ : Warning: NUMERIC_STD.">": metavalue detected, returning FALSE
at 503 ns(2), Instance /top_tb01/uut/binary_bcd/ : Warning: NUMERIC_STD.">": metavalue detected, returning FALSE
at 504 ns(2), Instance /top_tb01/uut/binary_bcd/ : Warning: NUMERIC_STD.">": metavalue detected, returning FALSE
at 505 ns(2), Instance /top_tb01/uut/binary_bcd/ : Warning: NUMERIC_STD.">": metavalue detected, returning FALSE
at 506 ns(2), Instance /top_tb01/uut/binary_bcd/ : Warning: NUMERIC_STD.">": metavalue detected, returning FALSE
at 507 ns(2), Instance /top_tb01/uut/binary_bcd/ : Warning: NUMERIC_STD.">": metavalue detected, returning FALSE
at 508 ns(2), Instance /top_tb01/uut/binary_bcd/ : Warning: NUMERIC_STD.">": metavalue detected, returning FALSE
at 509 ns(2), Instance /top_tb01/uut/binary_bcd/ : Warning: NUMERIC_STD.">": metavalue detected, returning FALSE
at 510 ns(2), Instance /top_tb01/uut/binary_bcd/ : Warning: NUMERIC_STD.">": metavalue detected, returning FALSE
at 511 ns(2), Instance /top_tb01/uut/binary_bcd/ : Warning: NUMERIC_STD.">": metavalue detected, returning FALSE
at 515 ns(2), Instance /top_tb01/uut/binary_bcd/ : Warning: NUMERIC_STD.">": metavalue detected, returning FALSE
at 516 ns(2), Instance /top_tb01/uut/binary_bcd/ : Warning: NUMERIC_STD.">": metavalue detected, returning FALSE
at 517 ns(2), Instance /top_tb01/uut/binary_bcd/ : Warning: NUMERIC_STD.">": metavalue detected, returning FALSE
at 518 ns(2), Instance /top_tb01/uut/binary_bcd/ : Warning: NUMERIC_STD.">": metavalue detected, returning FALSE
at 519 ns(2), Instance /top_tb01/uut/binary_bcd/ : Warning: NUMERIC_STD.">": metavalue detected, returning FALSE
at 520 ns(2), Instance /top_tb01/uut/binary_bcd/ : Warning: NUMERIC_STD.">": metavalue detected, returning FALSE
at 521 ns(2), Instance /top_tb01/uut/binary_bcd/ : Warning: NUMERIC_STD.">": metavalue detected, returning FALSE
at 522 ns(2), Instance /top_tb01/uut/binary_bcd/ : Warning: NUMERIC_STD.">": metavalue detected, returning FALSE
at 523 ns(2), Instance /top_tb01/uut/binary_bcd/ : Warning: NUMERIC_STD.">": metavalue detected, returning FALSE
at 524 ns(2), Instance /top_tb01/uut/binary_bcd/ : Warning: NUMERIC_STD.">": metavalue detected, returning FALSE
at 525 ns(2), Instance /top_tb01/uut/binary_bcd/ : Warning: NUMERIC_STD.">": metavalue detected, returning FALSE
at 526 ns(2), Instance /top_tb01/uut/binary_bcd/ : Warning: NUMERIC_STD.">": metavalue detected, returning FALSE
at 527 ns(2), Instance /top_tb01/uut/binary_bcd/ : Warning: NUMERIC_STD.">": metavalue detected, returning FALSE
at 528 ns(2), Instance /top_tb01/uut/binary_bcd/ : Warning: NUMERIC_STD.">": metavalue detected, returning FALSE
at 529 ns(2), Instance /top_tb01/uut/binary_bcd/ : Warning: NUMERIC_STD.">": metavalue detected, returning FALSE
at 530 ns(2), Instance /top_tb01/uut/binary_bcd/ : Warning: NUMERIC_STD.">": metavalue detected, returning FALSE
at 534 ns(2), Instance /top_tb01/uut/binary_bcd/ : Warning: NUMERIC_STD.">": metavalue detected, returning FALSE
at 535 ns(2), Instance /top_tb01/uut/binary_bcd/ : Warning: NUMERIC_STD.">": metavalue detected, returning FALSE
at 536 ns(2), Instance /top_tb01/uut/binary_bcd/ : Warning: NUMERIC_STD.">": metavalue detected, returning FALSE
at 537 ns(2), Instance /top_tb01/uut/binary_bcd/ : Warning: NUMERIC_STD.">": metavalue detected, returning FALSE
at 538 ns(2), Instance /top_tb01/uut/binary_bcd/ : Warning: NUMERIC_STD.">": metavalue detected, returning FALSE
at 539 ns(2), Instance /top_tb01/uut/binary_bcd/ : Warning: NUMERIC_STD.">": metavalue detected, returning FALSE
at 540 ns(2), Instance /top_tb01/uut/binary_bcd/ : Warning: NUMERIC_STD.">": metavalue detected, returning FALSE
at 541 ns(2), Instance /top_tb01/uut/binary_bcd/ : Warning: NUMERIC_STD.">": metavalue detected, returning FALSE
at 542 ns(2), Instance /top_tb01/uut/binary_bcd/ : Warning: NUMERIC_STD.">": metavalue detected, returning FALSE
at 543 ns(2), Instance /top_tb01/uut/binary_bcd/ : Warning: NUMERIC_STD.">": metavalue detected, returning FALSE
at 544 ns(2), Instance /top_tb01/uut/binary_bcd/ : Warning: NUMERIC_STD.">": metavalue detected, returning FALSE
at 545 ns(2), Instance /top_tb01/uut/binary_bcd/ : Warning: NUMERIC_STD.">": metavalue detected, returning FALSE
at 546 ns(2), Instance /top_tb01/uut/binary_bcd/ : Warning: NUMERIC_STD.">": metavalue detected, returning FALSE
at 547 ns(2), Instance /top_tb01/uut/binary_bcd/ : Warning: NUMERIC_STD.">": metavalue detected, returning FALSE
at 548 ns(2), Instance /top_tb01/uut/binary_bcd/ : Warning: NUMERIC_STD.">": metavalue detected, returning FALSE
at 549 ns(2), Instance /top_tb01/uut/binary_bcd/ : Warning: NUMERIC_STD.">": metavalue detected, returning FALSE
at 553 ns(2), Instance /top_tb01/uut/binary_bcd/ : Warning: NUMERIC_STD.">": metavalue detected, returning FALSE
at 554 ns(2), Instance /top_tb01/uut/binary_bcd/ : Warning: NUMERIC_STD.">": metavalue detected, returning FALSE
at 555 ns(2), Instance /top_tb01/uut/binary_bcd/ : Warning: NUMERIC_STD.">": metavalue detected, returning FALSE
at 556 ns(2), Instance /top_tb01/uut/binary_bcd/ : Warning: NUMERIC_STD.">": metavalue detected, returning FALSE
at 557 ns(2), Instance /top_tb01/uut/binary_bcd/ : Warning: NUMERIC_STD.">": metavalue detected, returning FALSE
at 558 ns(2), Instance /top_tb01/uut/binary_bcd/ : Warning: NUMERIC_STD.">": metavalue detected, returning FALSE
at 559 ns(2), Instance /top_tb01/uut/binary_bcd/ : Warning: NUMERIC_STD.">": metavalue detected, returning FALSE
at 560 ns(2), Instance /top_tb01/uut/binary_bcd/ : Warning: NUMERIC_STD.">": metavalue detected, returning FALSE
at 561 ns(2), Instance /top_tb01/uut/binary_bcd/ : Warning: NUMERIC_STD.">": metavalue detected, returning FALSE
at 562 ns(2), Instance /top_tb01/uut/binary_bcd/ : Warning: NUMERIC_STD.">": metavalue detected, returning FALSE
at 563 ns(2), Instance /top_tb01/uut/binary_bcd/ : Warning: NUMERIC_STD.">": metavalue detected, returning FALSE
at 564 ns(2), Instance /top_tb01/uut/binary_bcd/ : Warning: NUMERIC_STD.">": metavalue detected, returning FALSE
at 565 ns(2), Instance /top_tb01/uut/binary_bcd/ : Warning: NUMERIC_STD.">": metavalue detected, returning FALSE
at 566 ns(2), Instance /top_tb01/uut/binary_bcd/ : Warning: NUMERIC_STD.">": metavalue detected, returning FALSE
at 567 ns(2), Instance /top_tb01/uut/binary_bcd/ : Warning: NUMERIC_STD.">": metavalue detected, returning FALSE
at 568 ns(2), Instance /top_tb01/uut/binary_bcd/ : Warning: NUMERIC_STD.">": metavalue detected, returning FALSE
at 572 ns(2), Instance /top_tb01/uut/binary_bcd/ : Warning: NUMERIC_STD.">": metavalue detected, returning FALSE
at 573 ns(2), Instance /top_tb01/uut/binary_bcd/ : Warning: NUMERIC_STD.">": metavalue detected, returning FALSE
at 574 ns(2), Instance /top_tb01/uut/binary_bcd/ : Warning: NUMERIC_STD.">": metavalue detected, returning FALSE
at 575 ns(2), Instance /top_tb01/uut/binary_bcd/ : Warning: NUMERIC_STD.">": metavalue detected, returning FALSE
at 576 ns(2), Instance /top_tb01/uut/binary_bcd/ : Warning: NUMERIC_STD.">": metavalue detected, returning FALSE
at 577 ns(2), Instance /top_tb01/uut/binary_bcd/ : Warning: NUMERIC_STD.">": metavalue detected, returning FALSE
at 578 ns(2), Instance /top_tb01/uut/binary_bcd/ : Warning: NUMERIC_STD.">": metavalue detected, returning FALSE
at 579 ns(2), Instance /top_tb01/uut/binary_bcd/ : Warning: NUMERIC_STD.">": metavalue detected, returning FALSE
at 580 ns(2), Instance /top_tb01/uut/binary_bcd/ : Warning: NUMERIC_STD.">": metavalue detected, returning FALSE
at 581 ns(2), Instance /top_tb01/uut/binary_bcd/ : Warning: NUMERIC_STD.">": metavalue detected, returning FALSE
at 582 ns(2), Instance /top_tb01/uut/binary_bcd/ : Warning: NUMERIC_STD.">": metavalue detected, returning FALSE
at 583 ns(2), Instance /top_tb01/uut/binary_bcd/ : Warning: NUMERIC_STD.">": metavalue detected, returning FALSE
at 584 ns(2), Instance /top_tb01/uut/binary_bcd/ : Warning: NUMERIC_STD.">": metavalue detected, returning FALSE
at 585 ns(2), Instance /top_tb01/uut/binary_bcd/ : Warning: NUMERIC_STD.">": metavalue detected, returning FALSE
at 586 ns(2), Instance /top_tb01/uut/binary_bcd/ : Warning: NUMERIC_STD.">": metavalue detected, returning FALSE
at 587 ns(2), Instance /top_tb01/uut/binary_bcd/ : Warning: NUMERIC_STD.">": metavalue detected, returning FALSE
at 591 ns(2), Instance /top_tb01/uut/binary_bcd/ : Warning: NUMERIC_STD.">": metavalue detected, returning FALSE
at 592 ns(2), Instance /top_tb01/uut/binary_bcd/ : Warning: NUMERIC_STD.">": metavalue detected, returning FALSE
at 593 ns(2), Instance /top_tb01/uut/binary_bcd/ : Warning: NUMERIC_STD.">": metavalue detected, returning FALSE
at 594 ns(2), Instance /top_tb01/uut/binary_bcd/ : Warning: NUMERIC_STD.">": metavalue detected, returning FALSE
at 595 ns(2), Instance /top_tb01/uut/binary_bcd/ : Warning: NUMERIC_STD.">": metavalue detected, returning FALSE
at 596 ns(2), Instance /top_tb01/uut/binary_bcd/ : Warning: NUMERIC_STD.">": metavalue detected, returning FALSE
at 597 ns(2), Instance /top_tb01/uut/binary_bcd/ : Warning: NUMERIC_STD.">": metavalue detected, returning FALSE
at 598 ns(2), Instance /top_tb01/uut/binary_bcd/ : Warning: NUMERIC_STD.">": metavalue detected, returning FALSE
at 599 ns(2), Instance /top_tb01/uut/binary_bcd/ : Warning: NUMERIC_STD.">": metavalue detected, returning FALSE
at 600 ns(2), Instance /top_tb01/uut/binary_bcd/ : Warning: NUMERIC_STD.">": metavalue detected, returning FALSE
at 601 ns(2), Instance /top_tb01/uut/binary_bcd/ : Warning: NUMERIC_STD.">": metavalue detected, returning FALSE
at 602 ns(2), Instance /top_tb01/uut/binary_bcd/ : Warning: NUMERIC_STD.">": metavalue detected, returning FALSE
at 603 ns(2), Instance /top_tb01/uut/binary_bcd/ : Warning: NUMERIC_STD.">": metavalue detected, returning FALSE
at 604 ns(2), Instance /top_tb01/uut/binary_bcd/ : Warning: NUMERIC_STD.">": metavalue detected, returning FALSE
at 605 ns(2), Instance /top_tb01/uut/binary_bcd/ : Warning: NUMERIC_STD.">": metavalue detected, returning FALSE
at 606 ns(2), Instance /top_tb01/uut/binary_bcd/ : Warning: NUMERIC_STD.">": metavalue detected, returning FALSE
at 610 ns(2), Instance /top_tb01/uut/binary_bcd/ : Warning: NUMERIC_STD.">": metavalue detected, returning FALSE
at 611 ns(2), Instance /top_tb01/uut/binary_bcd/ : Warning: NUMERIC_STD.">": metavalue detected, returning FALSE
at 612 ns(2), Instance /top_tb01/uut/binary_bcd/ : Warning: NUMERIC_STD.">": metavalue detected, returning FALSE
at 613 ns(2), Instance /top_tb01/uut/binary_bcd/ : Warning: NUMERIC_STD.">": metavalue detected, returning FALSE
at 614 ns(2), Instance /top_tb01/uut/binary_bcd/ : Warning: NUMERIC_STD.">": metavalue detected, returning FALSE
at 615 ns(2), Instance /top_tb01/uut/binary_bcd/ : Warning: NUMERIC_STD.">": metavalue detected, returning FALSE
at 616 ns(2), Instance /top_tb01/uut/binary_bcd/ : Warning: NUMERIC_STD.">": metavalue detected, returning FALSE
at 617 ns(2), Instance /top_tb01/uut/binary_bcd/ : Warning: NUMERIC_STD.">": metavalue detected, returning FALSE
at 618 ns(2), Instance /top_tb01/uut/binary_bcd/ : Warning: NUMERIC_STD.">": metavalue detected, returning FALSE
at 619 ns(2), Instance /top_tb01/uut/binary_bcd/ : Warning: NUMERIC_STD.">": metavalue detected, returning FALSE
at 620 ns(2), Instance /top_tb01/uut/binary_bcd/ : Warning: NUMERIC_STD.">": metavalue detected, returning FALSE
at 621 ns(2), Instance /top_tb01/uut/binary_bcd/ : Warning: NUMERIC_STD.">": metavalue detected, returning FALSE
at 622 ns(2), Instance /top_tb01/uut/binary_bcd/ : Warning: NUMERIC_STD.">": metavalue detected, returning FALSE
at 623 ns(2), Instance /top_tb01/uut/binary_bcd/ : Warning: NUMERIC_STD.">": metavalue detected, returning FALSE
at 624 ns(2), Instance /top_tb01/uut/binary_bcd/ : Warning: NUMERIC_STD.">": metavalue detected, returning FALSE
at 625 ns(2), Instance /top_tb01/uut/binary_bcd/ : Warning: NUMERIC_STD.">": metavalue detected, returning FALSE
at 629 ns(2), Instance /top_tb01/uut/binary_bcd/ : Warning: NUMERIC_STD.">": metavalue detected, returning FALSE
at 630 ns(2), Instance /top_tb01/uut/binary_bcd/ : Warning: NUMERIC_STD.">": metavalue detected, returning FALSE
at 631 ns(2), Instance /top_tb01/uut/binary_bcd/ : Warning: NUMERIC_STD.">": metavalue detected, returning FALSE
at 632 ns(2), Instance /top_tb01/uut/binary_bcd/ : Warning: NUMERIC_STD.">": metavalue detected, returning FALSE
at 633 ns(2), Instance /top_tb01/uut/binary_bcd/ : Warning: NUMERIC_STD.">": metavalue detected, returning FALSE
at 634 ns(2), Instance /top_tb01/uut/binary_bcd/ : Warning: NUMERIC_STD.">": metavalue detected, returning FALSE
at 635 ns(2), Instance /top_tb01/uut/binary_bcd/ : Warning: NUMERIC_STD.">": metavalue detected, returning FALSE
at 636 ns(2), Instance /top_tb01/uut/binary_bcd/ : Warning: NUMERIC_STD.">": metavalue detected, returning FALSE
at 637 ns(2), Instance /top_tb01/uut/binary_bcd/ : Warning: NUMERIC_STD.">": metavalue detected, returning FALSE
at 638 ns(2), Instance /top_tb01/uut/binary_bcd/ : Warning: NUMERIC_STD.">": metavalue detected, returning FALSE
at 639 ns(2), Instance /top_tb01/uut/binary_bcd/ : Warning: NUMERIC_STD.">": metavalue detected, returning FALSE
at 640 ns(2), Instance /top_tb01/uut/binary_bcd/ : Warning: NUMERIC_STD.">": metavalue detected, returning FALSE
at 641 ns(2), Instance /top_tb01/uut/binary_bcd/ : Warning: NUMERIC_STD.">": metavalue detected, returning FALSE
at 642 ns(2), Instance /top_tb01/uut/binary_bcd/ : Warning: NUMERIC_STD.">": metavalue detected, returning FALSE
at 643 ns(2), Instance /top_tb01/uut/binary_bcd/ : Warning: NUMERIC_STD.">": metavalue detected, returning FALSE
at 644 ns(2), Instance /top_tb01/uut/binary_bcd/ : Warning: NUMERIC_STD.">": metavalue detected, returning FALSE
at 648 ns(2), Instance /top_tb01/uut/binary_bcd/ : Warning: NUMERIC_STD.">": metavalue detected, returning FALSE
at 649 ns(2), Instance /top_tb01/uut/binary_bcd/ : Warning: NUMERIC_STD.">": metavalue detected, returning FALSE
at 650 ns(2), Instance /top_tb01/uut/binary_bcd/ : Warning: NUMERIC_STD.">": metavalue detected, returning FALSE
at 651 ns(2), Instance /top_tb01/uut/binary_bcd/ : Warning: NUMERIC_STD.">": metavalue detected, returning FALSE
at 652 ns(2), Instance /top_tb01/uut/binary_bcd/ : Warning: NUMERIC_STD.">": metavalue detected, returning FALSE
at 653 ns(2), Instance /top_tb01/uut/binary_bcd/ : Warning: NUMERIC_STD.">": metavalue detected, returning FALSE
at 654 ns(2), Instance /top_tb01/uut/binary_bcd/ : Warning: NUMERIC_STD.">": metavalue detected, returning FALSE
at 655 ns(2), Instance /top_tb01/uut/binary_bcd/ : Warning: NUMERIC_STD.">": metavalue detected, returning FALSE
at 656 ns(2), Instance /top_tb01/uut/binary_bcd/ : Warning: NUMERIC_STD.">": metavalue detected, returning FALSE
at 657 ns(2), Instance /top_tb01/uut/binary_bcd/ : Warning: NUMERIC_STD.">": metavalue detected, returning FALSE
at 658 ns(2), Instance /top_tb01/uut/binary_bcd/ : Warning: NUMERIC_STD.">": metavalue detected, returning FALSE
at 659 ns(2), Instance /top_tb01/uut/binary_bcd/ : Warning: NUMERIC_STD.">": metavalue detected, returning FALSE
at 660 ns(2), Instance /top_tb01/uut/binary_bcd/ : Warning: NUMERIC_STD.">": metavalue detected, returning FALSE
at 661 ns(2), Instance /top_tb01/uut/binary_bcd/ : Warning: NUMERIC_STD.">": metavalue detected, returning FALSE
at 662 ns(2), Instance /top_tb01/uut/binary_bcd/ : Warning: NUMERIC_STD.">": metavalue detected, returning FALSE
at 663 ns(2), Instance /top_tb01/uut/binary_bcd/ : Warning: NUMERIC_STD.">": metavalue detected, returning FALSE
at 667 ns(2), Instance /top_tb01/uut/binary_bcd/ : Warning: NUMERIC_STD.">": metavalue detected, returning FALSE
at 668 ns(2), Instance /top_tb01/uut/binary_bcd/ : Warning: NUMERIC_STD.">": metavalue detected, returning FALSE
at 669 ns(2), Instance /top_tb01/uut/binary_bcd/ : Warning: NUMERIC_STD.">": metavalue detected, returning FALSE
at 670 ns(2), Instance /top_tb01/uut/binary_bcd/ : Warning: NUMERIC_STD.">": metavalue detected, returning FALSE
at 671 ns(2), Instance /top_tb01/uut/binary_bcd/ : Warning: NUMERIC_STD.">": metavalue detected, returning FALSE
at 672 ns(2), Instance /top_tb01/uut/binary_bcd/ : Warning: NUMERIC_STD.">": metavalue detected, returning FALSE
at 673 ns(2), Instance /top_tb01/uut/binary_bcd/ : Warning: NUMERIC_STD.">": metavalue detected, returning FALSE
at 674 ns(2), Instance /top_tb01/uut/binary_bcd/ : Warning: NUMERIC_STD.">": metavalue detected, returning FALSE
at 675 ns(2), Instance /top_tb01/uut/binary_bcd/ : Warning: NUMERIC_STD.">": metavalue detected, returning FALSE
at 676 ns(2), Instance /top_tb01/uut/binary_bcd/ : Warning: NUMERIC_STD.">": metavalue detected, returning FALSE
at 677 ns(2), Instance /top_tb01/uut/binary_bcd/ : Warning: NUMERIC_STD.">": metavalue detected, returning FALSE
at 678 ns(2), Instance /top_tb01/uut/binary_bcd/ : Warning: NUMERIC_STD.">": metavalue detected, returning FALSE
at 679 ns(2), Instance /top_tb01/uut/binary_bcd/ : Warning: NUMERIC_STD.">": metavalue detected, returning FALSE
at 680 ns(2), Instance /top_tb01/uut/binary_bcd/ : Warning: NUMERIC_STD.">": metavalue detected, returning FALSE
at 681 ns(2), Instance /top_tb01/uut/binary_bcd/ : Warning: NUMERIC_STD.">": metavalue detected, returning FALSE
at 682 ns(2), Instance /top_tb01/uut/binary_bcd/ : Warning: NUMERIC_STD.">": metavalue detected, returning FALSE
at 686 ns(2), Instance /top_tb01/uut/binary_bcd/ : Warning: NUMERIC_STD.">": metavalue detected, returning FALSE
at 687 ns(2), Instance /top_tb01/uut/binary_bcd/ : Warning: NUMERIC_STD.">": metavalue detected, returning FALSE
at 688 ns(2), Instance /top_tb01/uut/binary_bcd/ : Warning: NUMERIC_STD.">": metavalue detected, returning FALSE
at 689 ns(2), Instance /top_tb01/uut/binary_bcd/ : Warning: NUMERIC_STD.">": metavalue detected, returning FALSE
at 690 ns(2), Instance /top_tb01/uut/binary_bcd/ : Warning: NUMERIC_STD.">": metavalue detected, returning FALSE
at 691 ns(2), Instance /top_tb01/uut/binary_bcd/ : Warning: NUMERIC_STD.">": metavalue detected, returning FALSE
at 692 ns(2), Instance /top_tb01/uut/binary_bcd/ : Warning: NUMERIC_STD.">": metavalue detected, returning FALSE
at 693 ns(2), Instance /top_tb01/uut/binary_bcd/ : Warning: NUMERIC_STD.">": metavalue detected, returning FALSE
at 694 ns(2), Instance /top_tb01/uut/binary_bcd/ : Warning: NUMERIC_STD.">": metavalue detected, returning FALSE
at 695 ns(2), Instance /top_tb01/uut/binary_bcd/ : Warning: NUMERIC_STD.">": metavalue detected, returning FALSE
at 696 ns(2), Instance /top_tb01/uut/binary_bcd/ : Warning: NUMERIC_STD.">": metavalue detected, returning FALSE
at 697 ns(2), Instance /top_tb01/uut/binary_bcd/ : Warning: NUMERIC_STD.">": metavalue detected, returning FALSE
at 698 ns(2), Instance /top_tb01/uut/binary_bcd/ : Warning: NUMERIC_STD.">": metavalue detected, returning FALSE
at 699 ns(2), Instance /top_tb01/uut/binary_bcd/ : Warning: NUMERIC_STD.">": metavalue detected, returning FALSE
at 700 ns(2), Instance /top_tb01/uut/binary_bcd/ : Warning: NUMERIC_STD.">": metavalue detected, returning FALSE
at 701 ns(2), Instance /top_tb01/uut/binary_bcd/ : Warning: NUMERIC_STD.">": metavalue detected, returning FALSE
at 705 ns(2), Instance /top_tb01/uut/binary_bcd/ : Warning: NUMERIC_STD.">": metavalue detected, returning FALSE
at 706 ns(2), Instance /top_tb01/uut/binary_bcd/ : Warning: NUMERIC_STD.">": metavalue detected, returning FALSE
at 707 ns(2), Instance /top_tb01/uut/binary_bcd/ : Warning: NUMERIC_STD.">": metavalue detected, returning FALSE
at 708 ns(2), Instance /top_tb01/uut/binary_bcd/ : Warning: NUMERIC_STD.">": metavalue detected, returning FALSE
at 709 ns(2), Instance /top_tb01/uut/binary_bcd/ : Warning: NUMERIC_STD.">": metavalue detected, returning FALSE
at 710 ns(2), Instance /top_tb01/uut/binary_bcd/ : Warning: NUMERIC_STD.">": metavalue detected, returning FALSE
at 711 ns(2), Instance /top_tb01/uut/binary_bcd/ : Warning: NUMERIC_STD.">": metavalue detected, returning FALSE
at 712 ns(2), Instance /top_tb01/uut/binary_bcd/ : Warning: NUMERIC_STD.">": metavalue detected, returning FALSE
at 713 ns(2), Instance /top_tb01/uut/binary_bcd/ : Warning: NUMERIC_STD.">": metavalue detected, returning FALSE
at 714 ns(2), Instance /top_tb01/uut/binary_bcd/ : Warning: NUMERIC_STD.">": metavalue detected, returning FALSE
at 715 ns(2), Instance /top_tb01/uut/binary_bcd/ : Warning: NUMERIC_STD.">": metavalue detected, returning FALSE
at 716 ns(2), Instance /top_tb01/uut/binary_bcd/ : Warning: NUMERIC_STD.">": metavalue detected, returning FALSE
at 717 ns(2), Instance /top_tb01/uut/binary_bcd/ : Warning: NUMERIC_STD.">": metavalue detected, returning FALSE
at 718 ns(2), Instance /top_tb01/uut/binary_bcd/ : Warning: NUMERIC_STD.">": metavalue detected, returning FALSE
at 719 ns(2), Instance /top_tb01/uut/binary_bcd/ : Warning: NUMERIC_STD.">": metavalue detected, returning FALSE
at 720 ns(2), Instance /top_tb01/uut/binary_bcd/ : Warning: NUMERIC_STD.">": metavalue detected, returning FALSE
at 724 ns(2), Instance /top_tb01/uut/binary_bcd/ : Warning: NUMERIC_STD.">": metavalue detected, returning FALSE
at 725 ns(2), Instance /top_tb01/uut/binary_bcd/ : Warning: NUMERIC_STD.">": metavalue detected, returning FALSE
at 726 ns(2), Instance /top_tb01/uut/binary_bcd/ : Warning: NUMERIC_STD.">": metavalue detected, returning FALSE
at 727 ns(2), Instance /top_tb01/uut/binary_bcd/ : Warning: NUMERIC_STD.">": metavalue detected, returning FALSE
at 728 ns(2), Instance /top_tb01/uut/binary_bcd/ : Warning: NUMERIC_STD.">": metavalue detected, returning FALSE
at 729 ns(2), Instance /top_tb01/uut/binary_bcd/ : Warning: NUMERIC_STD.">": metavalue detected, returning FALSE
at 730 ns(2), Instance /top_tb01/uut/binary_bcd/ : Warning: NUMERIC_STD.">": metavalue detected, returning FALSE
at 731 ns(2), Instance /top_tb01/uut/binary_bcd/ : Warning: NUMERIC_STD.">": metavalue detected, returning FALSE
at 732 ns(2), Instance /top_tb01/uut/binary_bcd/ : Warning: NUMERIC_STD.">": metavalue detected, returning FALSE
at 733 ns(2), Instance /top_tb01/uut/binary_bcd/ : Warning: NUMERIC_STD.">": metavalue detected, returning FALSE
at 734 ns(2), Instance /top_tb01/uut/binary_bcd/ : Warning: NUMERIC_STD.">": metavalue detected, returning FALSE
at 735 ns(2), Instance /top_tb01/uut/binary_bcd/ : Warning: NUMERIC_STD.">": metavalue detected, returning FALSE
at 736 ns(2), Instance /top_tb01/uut/binary_bcd/ : Warning: NUMERIC_STD.">": metavalue detected, returning FALSE
at 737 ns(2), Instance /top_tb01/uut/binary_bcd/ : Warning: NUMERIC_STD.">": metavalue detected, returning FALSE
at 738 ns(2), Instance /top_tb01/uut/binary_bcd/ : Warning: NUMERIC_STD.">": metavalue detected, returning FALSE
at 739 ns(2), Instance /top_tb01/uut/binary_bcd/ : Warning: NUMERIC_STD.">": metavalue detected, returning FALSE
at 743 ns(2), Instance /top_tb01/uut/binary_bcd/ : Warning: NUMERIC_STD.">": metavalue detected, returning FALSE
at 744 ns(2), Instance /top_tb01/uut/binary_bcd/ : Warning: NUMERIC_STD.">": metavalue detected, returning FALSE
at 745 ns(2), Instance /top_tb01/uut/binary_bcd/ : Warning: NUMERIC_STD.">": metavalue detected, returning FALSE
at 746 ns(2), Instance /top_tb01/uut/binary_bcd/ : Warning: NUMERIC_STD.">": metavalue detected, returning FALSE
at 747 ns(2), Instance /top_tb01/uut/binary_bcd/ : Warning: NUMERIC_STD.">": metavalue detected, returning FALSE
at 748 ns(2), Instance /top_tb01/uut/binary_bcd/ : Warning: NUMERIC_STD.">": metavalue detected, returning FALSE
at 749 ns(2), Instance /top_tb01/uut/binary_bcd/ : Warning: NUMERIC_STD.">": metavalue detected, returning FALSE
at 750 ns(2), Instance /top_tb01/uut/binary_bcd/ : Warning: NUMERIC_STD.">": metavalue detected, returning FALSE
at 751 ns(2), Instance /top_tb01/uut/binary_bcd/ : Warning: NUMERIC_STD.">": metavalue detected, returning FALSE
at 752 ns(2), Instance /top_tb01/uut/binary_bcd/ : Warning: NUMERIC_STD.">": metavalue detected, returning FALSE
at 753 ns(2), Instance /top_tb01/uut/binary_bcd/ : Warning: NUMERIC_STD.">": metavalue detected, returning FALSE
at 754 ns(2), Instance /top_tb01/uut/binary_bcd/ : Warning: NUMERIC_STD.">": metavalue detected, returning FALSE
at 755 ns(2), Instance /top_tb01/uut/binary_bcd/ : Warning: NUMERIC_STD.">": metavalue detected, returning FALSE
at 756 ns(2), Instance /top_tb01/uut/binary_bcd/ : Warning: NUMERIC_STD.">": metavalue detected, returning FALSE
at 757 ns(2), Instance /top_tb01/uut/binary_bcd/ : Warning: NUMERIC_STD.">": metavalue detected, returning FALSE
at 758 ns(2), Instance /top_tb01/uut/binary_bcd/ : Warning: NUMERIC_STD.">": metavalue detected, returning FALSE
at 762 ns(2), Instance /top_tb01/uut/binary_bcd/ : Warning: NUMERIC_STD.">": metavalue detected, returning FALSE
at 763 ns(2), Instance /top_tb01/uut/binary_bcd/ : Warning: NUMERIC_STD.">": metavalue detected, returning FALSE
at 764 ns(2), Instance /top_tb01/uut/binary_bcd/ : Warning: NUMERIC_STD.">": metavalue detected, returning FALSE
at 765 ns(2), Instance /top_tb01/uut/binary_bcd/ : Warning: NUMERIC_STD.">": metavalue detected, returning FALSE
at 766 ns(2), Instance /top_tb01/uut/binary_bcd/ : Warning: NUMERIC_STD.">": metavalue detected, returning FALSE
at 767 ns(2), Instance /top_tb01/uut/binary_bcd/ : Warning: NUMERIC_STD.">": metavalue detected, returning FALSE
at 768 ns(2), Instance /top_tb01/uut/binary_bcd/ : Warning: NUMERIC_STD.">": metavalue detected, returning FALSE
at 769 ns(2), Instance /top_tb01/uut/binary_bcd/ : Warning: NUMERIC_STD.">": metavalue detected, returning FALSE
at 770 ns(2), Instance /top_tb01/uut/binary_bcd/ : Warning: NUMERIC_STD.">": metavalue detected, returning FALSE
at 771 ns(2), Instance /top_tb01/uut/binary_bcd/ : Warning: NUMERIC_STD.">": metavalue detected, returning FALSE
at 772 ns(2), Instance /top_tb01/uut/binary_bcd/ : Warning: NUMERIC_STD.">": metavalue detected, returning FALSE
at 773 ns(2), Instance /top_tb01/uut/binary_bcd/ : Warning: NUMERIC_STD.">": metavalue detected, returning FALSE
at 774 ns(2), Instance /top_tb01/uut/binary_bcd/ : Warning: NUMERIC_STD.">": metavalue detected, returning FALSE
at 775 ns(2), Instance /top_tb01/uut/binary_bcd/ : Warning: NUMERIC_STD.">": metavalue detected, returning FALSE
at 776 ns(2), Instance /top_tb01/uut/binary_bcd/ : Warning: NUMERIC_STD.">": metavalue detected, returning FALSE
at 777 ns(2), Instance /top_tb01/uut/binary_bcd/ : Warning: NUMERIC_STD.">": metavalue detected, returning FALSE
at 781 ns(2), Instance /top_tb01/uut/binary_bcd/ : Warning: NUMERIC_STD.">": metavalue detected, returning FALSE
at 782 ns(2), Instance /top_tb01/uut/binary_bcd/ : Warning: NUMERIC_STD.">": metavalue detected, returning FALSE
at 783 ns(2), Instance /top_tb01/uut/binary_bcd/ : Warning: NUMERIC_STD.">": metavalue detected, returning FALSE
at 784 ns(2), Instance /top_tb01/uut/binary_bcd/ : Warning: NUMERIC_STD.">": metavalue detected, returning FALSE
at 785 ns(2), Instance /top_tb01/uut/binary_bcd/ : Warning: NUMERIC_STD.">": metavalue detected, returning FALSE
at 786 ns(2), Instance /top_tb01/uut/binary_bcd/ : Warning: NUMERIC_STD.">": metavalue detected, returning FALSE
at 787 ns(2), Instance /top_tb01/uut/binary_bcd/ : Warning: NUMERIC_STD.">": metavalue detected, returning FALSE
at 788 ns(2), Instance /top_tb01/uut/binary_bcd/ : Warning: NUMERIC_STD.">": metavalue detected, returning FALSE
at 789 ns(2), Instance /top_tb01/uut/binary_bcd/ : Warning: NUMERIC_STD.">": metavalue detected, returning FALSE
at 790 ns(2), Instance /top_tb01/uut/binary_bcd/ : Warning: NUMERIC_STD.">": metavalue detected, returning FALSE
at 791 ns(2), Instance /top_tb01/uut/binary_bcd/ : Warning: NUMERIC_STD.">": metavalue detected, returning FALSE
at 792 ns(2), Instance /top_tb01/uut/binary_bcd/ : Warning: NUMERIC_STD.">": metavalue detected, returning FALSE
at 793 ns(2), Instance /top_tb01/uut/binary_bcd/ : Warning: NUMERIC_STD.">": metavalue detected, returning FALSE
at 794 ns(2), Instance /top_tb01/uut/binary_bcd/ : Warning: NUMERIC_STD.">": metavalue detected, returning FALSE
at 795 ns(2), Instance /top_tb01/uut/binary_bcd/ : Warning: NUMERIC_STD.">": metavalue detected, returning FALSE
at 796 ns(2), Instance /top_tb01/uut/binary_bcd/ : Warning: NUMERIC_STD.">": metavalue detected, returning FALSE
at 800 ns(2), Instance /top_tb01/uut/binary_bcd/ : Warning: NUMERIC_STD.">": metavalue detected, returning FALSE
at 801 ns(2), Instance /top_tb01/uut/binary_bcd/ : Warning: NUMERIC_STD.">": metavalue detected, returning FALSE
at 802 ns(2), Instance /top_tb01/uut/binary_bcd/ : Warning: NUMERIC_STD.">": metavalue detected, returning FALSE
at 803 ns(2), Instance /top_tb01/uut/binary_bcd/ : Warning: NUMERIC_STD.">": metavalue detected, returning FALSE
at 804 ns(2), Instance /top_tb01/uut/binary_bcd/ : Warning: NUMERIC_STD.">": metavalue detected, returning FALSE
at 805 ns(2), Instance /top_tb01/uut/binary_bcd/ : Warning: NUMERIC_STD.">": metavalue detected, returning FALSE
at 806 ns(2), Instance /top_tb01/uut/binary_bcd/ : Warning: NUMERIC_STD.">": metavalue detected, returning FALSE
at 807 ns(2), Instance /top_tb01/uut/binary_bcd/ : Warning: NUMERIC_STD.">": metavalue detected, returning FALSE
at 808 ns(2), Instance /top_tb01/uut/binary_bcd/ : Warning: NUMERIC_STD.">": metavalue detected, returning FALSE
at 809 ns(2), Instance /top_tb01/uut/binary_bcd/ : Warning: NUMERIC_STD.">": metavalue detected, returning FALSE
at 810 ns(2), Instance /top_tb01/uut/binary_bcd/ : Warning: NUMERIC_STD.">": metavalue detected, returning FALSE
at 811 ns(2), Instance /top_tb01/uut/binary_bcd/ : Warning: NUMERIC_STD.">": metavalue detected, returning FALSE
at 812 ns(2), Instance /top_tb01/uut/binary_bcd/ : Warning: NUMERIC_STD.">": metavalue detected, returning FALSE
at 813 ns(2), Instance /top_tb01/uut/binary_bcd/ : Warning: NUMERIC_STD.">": metavalue detected, returning FALSE
at 814 ns(2), Instance /top_tb01/uut/binary_bcd/ : Warning: NUMERIC_STD.">": metavalue detected, returning FALSE
at 815 ns(2), Instance /top_tb01/uut/binary_bcd/ : Warning: NUMERIC_STD.">": metavalue detected, returning FALSE
at 819 ns(2), Instance /top_tb01/uut/binary_bcd/ : Warning: NUMERIC_STD.">": metavalue detected, returning FALSE
at 820 ns(2), Instance /top_tb01/uut/binary_bcd/ : Warning: NUMERIC_STD.">": metavalue detected, returning FALSE
at 821 ns(2), Instance /top_tb01/uut/binary_bcd/ : Warning: NUMERIC_STD.">": metavalue detected, returning FALSE
at 822 ns(2), Instance /top_tb01/uut/binary_bcd/ : Warning: NUMERIC_STD.">": metavalue detected, returning FALSE
at 823 ns(2), Instance /top_tb01/uut/binary_bcd/ : Warning: NUMERIC_STD.">": metavalue detected, returning FALSE
at 824 ns(2), Instance /top_tb01/uut/binary_bcd/ : Warning: NUMERIC_STD.">": metavalue detected, returning FALSE
at 825 ns(2), Instance /top_tb01/uut/binary_bcd/ : Warning: NUMERIC_STD.">": metavalue detected, returning FALSE
at 826 ns(2), Instance /top_tb01/uut/binary_bcd/ : Warning: NUMERIC_STD.">": metavalue detected, returning FALSE
at 827 ns(2), Instance /top_tb01/uut/binary_bcd/ : Warning: NUMERIC_STD.">": metavalue detected, returning FALSE
at 828 ns(2), Instance /top_tb01/uut/binary_bcd/ : Warning: NUMERIC_STD.">": metavalue detected, returning FALSE
at 829 ns(2), Instance /top_tb01/uut/binary_bcd/ : Warning: NUMERIC_STD.">": metavalue detected, returning FALSE
at 830 ns(2), Instance /top_tb01/uut/binary_bcd/ : Warning: NUMERIC_STD.">": metavalue detected, returning FALSE
at 831 ns(2), Instance /top_tb01/uut/binary_bcd/ : Warning: NUMERIC_STD.">": metavalue detected, returning FALSE
at 832 ns(2), Instance /top_tb01/uut/binary_bcd/ : Warning: NUMERIC_STD.">": metavalue detected, returning FALSE
at 833 ns(2), Instance /top_tb01/uut/binary_bcd/ : Warning: NUMERIC_STD.">": metavalue detected, returning FALSE
at 834 ns(2), Instance /top_tb01/uut/binary_bcd/ : Warning: NUMERIC_STD.">": metavalue detected, returning FALSE
at 838 ns(2), Instance /top_tb01/uut/binary_bcd/ : Warning: NUMERIC_STD.">": metavalue detected, returning FALSE
at 839 ns(2), Instance /top_tb01/uut/binary_bcd/ : Warning: NUMERIC_STD.">": metavalue detected, returning FALSE
at 840 ns(2), Instance /top_tb01/uut/binary_bcd/ : Warning: NUMERIC_STD.">": metavalue detected, returning FALSE
at 841 ns(2), Instance /top_tb01/uut/binary_bcd/ : Warning: NUMERIC_STD.">": metavalue detected, returning FALSE
at 842 ns(2), Instance /top_tb01/uut/binary_bcd/ : Warning: NUMERIC_STD.">": metavalue detected, returning FALSE
at 843 ns(2), Instance /top_tb01/uut/binary_bcd/ : Warning: NUMERIC_STD.">": metavalue detected, returning FALSE
at 844 ns(2), Instance /top_tb01/uut/binary_bcd/ : Warning: NUMERIC_STD.">": metavalue detected, returning FALSE
at 845 ns(2), Instance /top_tb01/uut/binary_bcd/ : Warning: NUMERIC_STD.">": metavalue detected, returning FALSE
at 846 ns(2), Instance /top_tb01/uut/binary_bcd/ : Warning: NUMERIC_STD.">": metavalue detected, returning FALSE
at 847 ns(2), Instance /top_tb01/uut/binary_bcd/ : Warning: NUMERIC_STD.">": metavalue detected, returning FALSE
at 848 ns(2), Instance /top_tb01/uut/binary_bcd/ : Warning: NUMERIC_STD.">": metavalue detected, returning FALSE
at 849 ns(2), Instance /top_tb01/uut/binary_bcd/ : Warning: NUMERIC_STD.">": metavalue detected, returning FALSE
at 850 ns(2), Instance /top_tb01/uut/binary_bcd/ : Warning: NUMERIC_STD.">": metavalue detected, returning FALSE
at 851 ns(2), Instance /top_tb01/uut/binary_bcd/ : Warning: NUMERIC_STD.">": metavalue detected, returning FALSE
at 852 ns(2), Instance /top_tb01/uut/binary_bcd/ : Warning: NUMERIC_STD.">": metavalue detected, returning FALSE
at 853 ns(2), Instance /top_tb01/uut/binary_bcd/ : Warning: NUMERIC_STD.">": metavalue detected, returning FALSE
at 857 ns(2), Instance /top_tb01/uut/binary_bcd/ : Warning: NUMERIC_STD.">": metavalue detected, returning FALSE
at 858 ns(2), Instance /top_tb01/uut/binary_bcd/ : Warning: NUMERIC_STD.">": metavalue detected, returning FALSE
at 859 ns(2), Instance /top_tb01/uut/binary_bcd/ : Warning: NUMERIC_STD.">": metavalue detected, returning FALSE
at 860 ns(2), Instance /top_tb01/uut/binary_bcd/ : Warning: NUMERIC_STD.">": metavalue detected, returning FALSE
at 861 ns(2), Instance /top_tb01/uut/binary_bcd/ : Warning: NUMERIC_STD.">": metavalue detected, returning FALSE
at 862 ns(2), Instance /top_tb01/uut/binary_bcd/ : Warning: NUMERIC_STD.">": metavalue detected, returning FALSE
at 863 ns(2), Instance /top_tb01/uut/binary_bcd/ : Warning: NUMERIC_STD.">": metavalue detected, returning FALSE
at 864 ns(2), Instance /top_tb01/uut/binary_bcd/ : Warning: NUMERIC_STD.">": metavalue detected, returning FALSE
at 865 ns(2), Instance /top_tb01/uut/binary_bcd/ : Warning: NUMERIC_STD.">": metavalue detected, returning FALSE
at 866 ns(2), Instance /top_tb01/uut/binary_bcd/ : Warning: NUMERIC_STD.">": metavalue detected, returning FALSE
at 867 ns(2), Instance /top_tb01/uut/binary_bcd/ : Warning: NUMERIC_STD.">": metavalue detected, returning FALSE
at 868 ns(2), Instance /top_tb01/uut/binary_bcd/ : Warning: NUMERIC_STD.">": metavalue detected, returning FALSE
at 869 ns(2), Instance /top_tb01/uut/binary_bcd/ : Warning: NUMERIC_STD.">": metavalue detected, returning FALSE
at 870 ns(2), Instance /top_tb01/uut/binary_bcd/ : Warning: NUMERIC_STD.">": metavalue detected, returning FALSE
at 871 ns(2), Instance /top_tb01/uut/binary_bcd/ : Warning: NUMERIC_STD.">": metavalue detected, returning FALSE
at 872 ns(2), Instance /top_tb01/uut/binary_bcd/ : Warning: NUMERIC_STD.">": metavalue detected, returning FALSE
at 876 ns(2), Instance /top_tb01/uut/binary_bcd/ : Warning: NUMERIC_STD.">": metavalue detected, returning FALSE
at 877 ns(2), Instance /top_tb01/uut/binary_bcd/ : Warning: NUMERIC_STD.">": metavalue detected, returning FALSE
at 878 ns(2), Instance /top_tb01/uut/binary_bcd/ : Warning: NUMERIC_STD.">": metavalue detected, returning FALSE
at 879 ns(2), Instance /top_tb01/uut/binary_bcd/ : Warning: NUMERIC_STD.">": metavalue detected, returning FALSE
at 880 ns(2), Instance /top_tb01/uut/binary_bcd/ : Warning: NUMERIC_STD.">": metavalue detected, returning FALSE
at 881 ns(2), Instance /top_tb01/uut/binary_bcd/ : Warning: NUMERIC_STD.">": metavalue detected, returning FALSE
at 882 ns(2), Instance /top_tb01/uut/binary_bcd/ : Warning: NUMERIC_STD.">": metavalue detected, returning FALSE
at 883 ns(2), Instance /top_tb01/uut/binary_bcd/ : Warning: NUMERIC_STD.">": metavalue detected, returning FALSE
at 884 ns(2), Instance /top_tb01/uut/binary_bcd/ : Warning: NUMERIC_STD.">": metavalue detected, returning FALSE
at 885 ns(2), Instance /top_tb01/uut/binary_bcd/ : Warning: NUMERIC_STD.">": metavalue detected, returning FALSE
at 886 ns(2), Instance /top_tb01/uut/binary_bcd/ : Warning: NUMERIC_STD.">": metavalue detected, returning FALSE
at 887 ns(2), Instance /top_tb01/uut/binary_bcd/ : Warning: NUMERIC_STD.">": metavalue detected, returning FALSE
at 888 ns(2), Instance /top_tb01/uut/binary_bcd/ : Warning: NUMERIC_STD.">": metavalue detected, returning FALSE
at 889 ns(2), Instance /top_tb01/uut/binary_bcd/ : Warning: NUMERIC_STD.">": metavalue detected, returning FALSE
at 890 ns(2), Instance /top_tb01/uut/binary_bcd/ : Warning: NUMERIC_STD.">": metavalue detected, returning FALSE
at 891 ns(2), Instance /top_tb01/uut/binary_bcd/ : Warning: NUMERIC_STD.">": metavalue detected, returning FALSE
at 895 ns(2), Instance /top_tb01/uut/binary_bcd/ : Warning: NUMERIC_STD.">": metavalue detected, returning FALSE
at 896 ns(2), Instance /top_tb01/uut/binary_bcd/ : Warning: NUMERIC_STD.">": metavalue detected, returning FALSE
at 897 ns(2), Instance /top_tb01/uut/binary_bcd/ : Warning: NUMERIC_STD.">": metavalue detected, returning FALSE
at 898 ns(2), Instance /top_tb01/uut/binary_bcd/ : Warning: NUMERIC_STD.">": metavalue detected, returning FALSE
at 899 ns(2), Instance /top_tb01/uut/binary_bcd/ : Warning: NUMERIC_STD.">": metavalue detected, returning FALSE
at 900 ns(2), Instance /top_tb01/uut/binary_bcd/ : Warning: NUMERIC_STD.">": metavalue detected, returning FALSE
at 901 ns(2), Instance /top_tb01/uut/binary_bcd/ : Warning: NUMERIC_STD.">": metavalue detected, returning FALSE
at 902 ns(2), Instance /top_tb01/uut/binary_bcd/ : Warning: NUMERIC_STD.">": metavalue detected, returning FALSE
at 903 ns(2), Instance /top_tb01/uut/binary_bcd/ : Warning: NUMERIC_STD.">": metavalue detected, returning FALSE
at 904 ns(2), Instance /top_tb01/uut/binary_bcd/ : Warning: NUMERIC_STD.">": metavalue detected, returning FALSE
at 905 ns(2), Instance /top_tb01/uut/binary_bcd/ : Warning: NUMERIC_STD.">": metavalue detected, returning FALSE
at 906 ns(2), Instance /top_tb01/uut/binary_bcd/ : Warning: NUMERIC_STD.">": metavalue detected, returning FALSE
at 907 ns(2), Instance /top_tb01/uut/binary_bcd/ : Warning: NUMERIC_STD.">": metavalue detected, returning FALSE
at 908 ns(2), Instance /top_tb01/uut/binary_bcd/ : Warning: NUMERIC_STD.">": metavalue detected, returning FALSE
at 909 ns(2), Instance /top_tb01/uut/binary_bcd/ : Warning: NUMERIC_STD.">": metavalue detected, returning FALSE
at 910 ns(2), Instance /top_tb01/uut/binary_bcd/ : Warning: NUMERIC_STD.">": metavalue detected, returning FALSE
at 914 ns(2), Instance /top_tb01/uut/binary_bcd/ : Warning: NUMERIC_STD.">": metavalue detected, returning FALSE
at 915 ns(2), Instance /top_tb01/uut/binary_bcd/ : Warning: NUMERIC_STD.">": metavalue detected, returning FALSE
at 916 ns(2), Instance /top_tb01/uut/binary_bcd/ : Warning: NUMERIC_STD.">": metavalue detected, returning FALSE
at 917 ns(2), Instance /top_tb01/uut/binary_bcd/ : Warning: NUMERIC_STD.">": metavalue detected, returning FALSE
at 918 ns(2), Instance /top_tb01/uut/binary_bcd/ : Warning: NUMERIC_STD.">": metavalue detected, returning FALSE
at 919 ns(2), Instance /top_tb01/uut/binary_bcd/ : Warning: NUMERIC_STD.">": metavalue detected, returning FALSE
at 920 ns(2), Instance /top_tb01/uut/binary_bcd/ : Warning: NUMERIC_STD.">": metavalue detected, returning FALSE
at 921 ns(2), Instance /top_tb01/uut/binary_bcd/ : Warning: NUMERIC_STD.">": metavalue detected, returning FALSE
at 922 ns(2), Instance /top_tb01/uut/binary_bcd/ : Warning: NUMERIC_STD.">": metavalue detected, returning FALSE
at 923 ns(2), Instance /top_tb01/uut/binary_bcd/ : Warning: NUMERIC_STD.">": metavalue detected, returning FALSE
at 924 ns(2), Instance /top_tb01/uut/binary_bcd/ : Warning: NUMERIC_STD.">": metavalue detected, returning FALSE
at 925 ns(2), Instance /top_tb01/uut/binary_bcd/ : Warning: NUMERIC_STD.">": metavalue detected, returning FALSE
at 926 ns(2), Instance /top_tb01/uut/binary_bcd/ : Warning: NUMERIC_STD.">": metavalue detected, returning FALSE
at 927 ns(2), Instance /top_tb01/uut/binary_bcd/ : Warning: NUMERIC_STD.">": metavalue detected, returning FALSE
at 928 ns(2), Instance /top_tb01/uut/binary_bcd/ : Warning: NUMERIC_STD.">": metavalue detected, returning FALSE
at 929 ns(2), Instance /top_tb01/uut/binary_bcd/ : Warning: NUMERIC_STD.">": metavalue detected, returning FALSE
at 933 ns(2), Instance /top_tb01/uut/binary_bcd/ : Warning: NUMERIC_STD.">": metavalue detected, returning FALSE
at 934 ns(2), Instance /top_tb01/uut/binary_bcd/ : Warning: NUMERIC_STD.">": metavalue detected, returning FALSE
at 935 ns(2), Instance /top_tb01/uut/binary_bcd/ : Warning: NUMERIC_STD.">": metavalue detected, returning FALSE
at 936 ns(2), Instance /top_tb01/uut/binary_bcd/ : Warning: NUMERIC_STD.">": metavalue detected, returning FALSE
at 937 ns(2), Instance /top_tb01/uut/binary_bcd/ : Warning: NUMERIC_STD.">": metavalue detected, returning FALSE
at 938 ns(2), Instance /top_tb01/uut/binary_bcd/ : Warning: NUMERIC_STD.">": metavalue detected, returning FALSE
at 939 ns(2), Instance /top_tb01/uut/binary_bcd/ : Warning: NUMERIC_STD.">": metavalue detected, returning FALSE
at 940 ns(2), Instance /top_tb01/uut/binary_bcd/ : Warning: NUMERIC_STD.">": metavalue detected, returning FALSE
at 941 ns(2), Instance /top_tb01/uut/binary_bcd/ : Warning: NUMERIC_STD.">": metavalue detected, returning FALSE
at 942 ns(2), Instance /top_tb01/uut/binary_bcd/ : Warning: NUMERIC_STD.">": metavalue detected, returning FALSE
at 943 ns(2), Instance /top_tb01/uut/binary_bcd/ : Warning: NUMERIC_STD.">": metavalue detected, returning FALSE
at 944 ns(2), Instance /top_tb01/uut/binary_bcd/ : Warning: NUMERIC_STD.">": metavalue detected, returning FALSE
at 945 ns(2), Instance /top_tb01/uut/binary_bcd/ : Warning: NUMERIC_STD.">": metavalue detected, returning FALSE
at 946 ns(2), Instance /top_tb01/uut/binary_bcd/ : Warning: NUMERIC_STD.">": metavalue detected, returning FALSE
at 947 ns(2), Instance /top_tb01/uut/binary_bcd/ : Warning: NUMERIC_STD.">": metavalue detected, returning FALSE
at 948 ns(2), Instance /top_tb01/uut/binary_bcd/ : Warning: NUMERIC_STD.">": metavalue detected, returning FALSE
at 952 ns(2), Instance /top_tb01/uut/binary_bcd/ : Warning: NUMERIC_STD.">": metavalue detected, returning FALSE
at 953 ns(2), Instance /top_tb01/uut/binary_bcd/ : Warning: NUMERIC_STD.">": metavalue detected, returning FALSE
at 954 ns(2), Instance /top_tb01/uut/binary_bcd/ : Warning: NUMERIC_STD.">": metavalue detected, returning FALSE
at 955 ns(2), Instance /top_tb01/uut/binary_bcd/ : Warning: NUMERIC_STD.">": metavalue detected, returning FALSE
at 956 ns(2), Instance /top_tb01/uut/binary_bcd/ : Warning: NUMERIC_STD.">": metavalue detected, returning FALSE
at 957 ns(2), Instance /top_tb01/uut/binary_bcd/ : Warning: NUMERIC_STD.">": metavalue detected, returning FALSE
at 958 ns(2), Instance /top_tb01/uut/binary_bcd/ : Warning: NUMERIC_STD.">": metavalue detected, returning FALSE
at 959 ns(2), Instance /top_tb01/uut/binary_bcd/ : Warning: NUMERIC_STD.">": metavalue detected, returning FALSE
at 960 ns(2), Instance /top_tb01/uut/binary_bcd/ : Warning: NUMERIC_STD.">": metavalue detected, returning FALSE
at 961 ns(2), Instance /top_tb01/uut/binary_bcd/ : Warning: NUMERIC_STD.">": metavalue detected, returning FALSE
at 962 ns(2), Instance /top_tb01/uut/binary_bcd/ : Warning: NUMERIC_STD.">": metavalue detected, returning FALSE
at 963 ns(2), Instance /top_tb01/uut/binary_bcd/ : Warning: NUMERIC_STD.">": metavalue detected, returning FALSE
at 964 ns(2), Instance /top_tb01/uut/binary_bcd/ : Warning: NUMERIC_STD.">": metavalue detected, returning FALSE
at 965 ns(2), Instance /top_tb01/uut/binary_bcd/ : Warning: NUMERIC_STD.">": metavalue detected, returning FALSE
at 966 ns(2), Instance /top_tb01/uut/binary_bcd/ : Warning: NUMERIC_STD.">": metavalue detected, returning FALSE
at 967 ns(2), Instance /top_tb01/uut/binary_bcd/ : Warning: NUMERIC_STD.">": metavalue detected, returning FALSE
at 971 ns(2), Instance /top_tb01/uut/binary_bcd/ : Warning: NUMERIC_STD.">": metavalue detected, returning FALSE
at 972 ns(2), Instance /top_tb01/uut/binary_bcd/ : Warning: NUMERIC_STD.">": metavalue detected, returning FALSE
at 973 ns(2), Instance /top_tb01/uut/binary_bcd/ : Warning: NUMERIC_STD.">": metavalue detected, returning FALSE
at 974 ns(2), Instance /top_tb01/uut/binary_bcd/ : Warning: NUMERIC_STD.">": metavalue detected, returning FALSE
at 975 ns(2), Instance /top_tb01/uut/binary_bcd/ : Warning: NUMERIC_STD.">": metavalue detected, returning FALSE
at 976 ns(2), Instance /top_tb01/uut/binary_bcd/ : Warning: NUMERIC_STD.">": metavalue detected, returning FALSE
at 977 ns(2), Instance /top_tb01/uut/binary_bcd/ : Warning: NUMERIC_STD.">": metavalue detected, returning FALSE
at 978 ns(2), Instance /top_tb01/uut/binary_bcd/ : Warning: NUMERIC_STD.">": metavalue detected, returning FALSE
at 979 ns(2), Instance /top_tb01/uut/binary_bcd/ : Warning: NUMERIC_STD.">": metavalue detected, returning FALSE
at 980 ns(2), Instance /top_tb01/uut/binary_bcd/ : Warning: NUMERIC_STD.">": metavalue detected, returning FALSE
at 981 ns(2), Instance /top_tb01/uut/binary_bcd/ : Warning: NUMERIC_STD.">": metavalue detected, returning FALSE
at 982 ns(2), Instance /top_tb01/uut/binary_bcd/ : Warning: NUMERIC_STD.">": metavalue detected, returning FALSE
at 983 ns(2), Instance /top_tb01/uut/binary_bcd/ : Warning: NUMERIC_STD.">": metavalue detected, returning FALSE
at 984 ns(2), Instance /top_tb01/uut/binary_bcd/ : Warning: NUMERIC_STD.">": metavalue detected, returning FALSE
at 985 ns(2), Instance /top_tb01/uut/binary_bcd/ : Warning: NUMERIC_STD.">": metavalue detected, returning FALSE
at 986 ns(2), Instance /top_tb01/uut/binary_bcd/ : Warning: NUMERIC_STD.">": metavalue detected, returning FALSE
at 990 ns(2), Instance /top_tb01/uut/binary_bcd/ : Warning: NUMERIC_STD.">": metavalue detected, returning FALSE
at 991 ns(2), Instance /top_tb01/uut/binary_bcd/ : Warning: NUMERIC_STD.">": metavalue detected, returning FALSE
at 992 ns(2), Instance /top_tb01/uut/binary_bcd/ : Warning: NUMERIC_STD.">": metavalue detected, returning FALSE
at 993 ns(2), Instance /top_tb01/uut/binary_bcd/ : Warning: NUMERIC_STD.">": metavalue detected, returning FALSE
at 994 ns(2), Instance /top_tb01/uut/binary_bcd/ : Warning: NUMERIC_STD.">": metavalue detected, returning FALSE
at 995 ns(2), Instance /top_tb01/uut/binary_bcd/ : Warning: NUMERIC_STD.">": metavalue detected, returning FALSE
at 996 ns(2), Instance /top_tb01/uut/binary_bcd/ : Warning: NUMERIC_STD.">": metavalue detected, returning FALSE
at 997 ns(2), Instance /top_tb01/uut/binary_bcd/ : Warning: NUMERIC_STD.">": metavalue detected, returning FALSE
at 998 ns(2), Instance /top_tb01/uut/binary_bcd/ : Warning: NUMERIC_STD.">": metavalue detected, returning FALSE
at 999 ns(2), Instance /top_tb01/uut/binary_bcd/ : Warning: NUMERIC_STD.">": metavalue detected, returning FALSE
at 1 us(2), Instance /top_tb01/uut/binary_bcd/ : Warning: NUMERIC_STD.">": metavalue detected, returning FALSE
